ARM GAS  /tmp/ccyjRyHS.s 			page 1


   1              		.cpu cortex-m4
   2              		.arch armv7e-m
   3              		.fpu fpv4-sp-d16
   4              		.eabi_attribute 27, 1
   5              		.eabi_attribute 28, 1
   6              		.eabi_attribute 20, 1
   7              		.eabi_attribute 21, 1
   8              		.eabi_attribute 23, 3
   9              		.eabi_attribute 24, 1
  10              		.eabi_attribute 25, 1
  11              		.eabi_attribute 26, 1
  12              		.eabi_attribute 30, 1
  13              		.eabi_attribute 34, 1
  14              		.eabi_attribute 18, 4
  15              		.file	"boot.c"
  16              		.text
  17              	.Ltext0:
  18              		.cfi_sections	.debug_frame
  19              		.section	.text.main,"ax",%progbits
  20              		.align	1
  21              		.global	main
  22              		.syntax unified
  23              		.thumb
  24              		.thumb_func
  26              	main:
  27              	.LFB3:
  28              		.file 1 "boot/boot.c"
   1:boot/boot.c   **** #include <stdbool.h>
   2:boot/boot.c   **** #include <stdint.h>
   3:boot/boot.c   **** #include <stdio.h>
   4:boot/boot.c   **** 
   5:boot/boot.c   **** 
   6:boot/boot.c   **** int main(void)
   7:boot/boot.c   **** {
  29              		.loc 1 7 1 view -0
  30              		.cfi_startproc
  31              		@ Volatile: function does not return.
  32              		@ args = 0, pretend = 0, frame = 0
  33              		@ frame_needed = 0, uses_anonymous_args = 0
  34              		@ link register save eliminated.
  35              	.L2:
   8:boot/boot.c   ****     while(1)
  36              		.loc 1 8 5 discriminator 1 view .LVU1
   9:boot/boot.c   ****     {
  10:boot/boot.c   ****         ;
  37              		.loc 1 10 9 discriminator 1 view .LVU2
   8:boot/boot.c   ****     while(1)
  38              		.loc 1 8 10 discriminator 1 view .LVU3
  39 0000 FEE7     		b	.L2
  40              		.cfi_endproc
  41              	.LFE3:
  43              		.text
  44              	.Letext0:
ARM GAS  /tmp/ccyjRyHS.s 			page 2


DEFINED SYMBOLS
                            *ABS*:0000000000000000 boot.c
     /tmp/ccyjRyHS.s:20     .text.main:0000000000000000 $t
     /tmp/ccyjRyHS.s:26     .text.main:0000000000000000 main

NO UNDEFINED SYMBOLS
