ARM GAS  /tmp/ccleEFJR.s 			page 1


   1              		.cpu cortex-m4
   2              		.arch armv7e-m
   3              		.fpu fpv4-sp-d16
   4              		.eabi_attribute 27, 1
   5              		.eabi_attribute 28, 1
   6              		.eabi_attribute 20, 1
   7              		.eabi_attribute 21, 1
   8              		.eabi_attribute 23, 3
   9              		.eabi_attribute 24, 1
  10              		.eabi_attribute 25, 1
  11              		.eabi_attribute 26, 1
  12              		.eabi_attribute 30, 1
  13              		.eabi_attribute 34, 1
  14              		.eabi_attribute 18, 4
  15              		.file	"stm32f4xx_hash_md5.c"
  16              		.text
  17              	.Ltext0:
  18              		.cfi_sections	.debug_frame
  19              		.section	.text.HASH_MD5,"ax",%progbits
  20              		.align	1
  21              		.global	HASH_MD5
  22              		.syntax unified
  23              		.thumb
  24              		.thumb_func
  26              	HASH_MD5:
  27              	.LVL0:
  28              	.LFB123:
  29              		.file 1 "platform/driver/src/stm32f4xx_hash_md5.c"
   1:platform/driver/src/stm32f4xx_hash_md5.c **** /**
   2:platform/driver/src/stm32f4xx_hash_md5.c ****   ******************************************************************************
   3:platform/driver/src/stm32f4xx_hash_md5.c ****   * @file    stm32f4xx_hash_md5.c
   4:platform/driver/src/stm32f4xx_hash_md5.c ****   * @author  MCD Application Team
   5:platform/driver/src/stm32f4xx_hash_md5.c ****   * @version V1.8.1
   6:platform/driver/src/stm32f4xx_hash_md5.c ****   * @date    27-January-2022
   7:platform/driver/src/stm32f4xx_hash_md5.c ****   * @brief   This file provides high level functions to compute the HASH MD5 and
   8:platform/driver/src/stm32f4xx_hash_md5.c ****   *          HMAC MD5 Digest of an input message.
   9:platform/driver/src/stm32f4xx_hash_md5.c ****   *          It uses the stm32f4xx_hash.c/.h drivers to access the STM32F4xx HASH
  10:platform/driver/src/stm32f4xx_hash_md5.c ****   *          peripheral.
  11:platform/driver/src/stm32f4xx_hash_md5.c ****   *
  12:platform/driver/src/stm32f4xx_hash_md5.c **** @verbatim
  13:platform/driver/src/stm32f4xx_hash_md5.c ****  ===================================================================
  14:platform/driver/src/stm32f4xx_hash_md5.c ****                   ##### How to use this driver #####
  15:platform/driver/src/stm32f4xx_hash_md5.c ****  ===================================================================
  16:platform/driver/src/stm32f4xx_hash_md5.c ****  [..]
  17:platform/driver/src/stm32f4xx_hash_md5.c ****    (#) Enable The HASH controller clock using 
  18:platform/driver/src/stm32f4xx_hash_md5.c ****        RCC_AHB2PeriphClockCmd(RCC_AHB2Periph_HASH, ENABLE); function.
  19:platform/driver/src/stm32f4xx_hash_md5.c ****   
  20:platform/driver/src/stm32f4xx_hash_md5.c ****    (#) Calculate the HASH MD5 Digest using HASH_MD5() function.
  21:platform/driver/src/stm32f4xx_hash_md5.c ****   
  22:platform/driver/src/stm32f4xx_hash_md5.c ****    (#) Calculate the HMAC MD5 Digest using HMAC_MD5() function.
  23:platform/driver/src/stm32f4xx_hash_md5.c ****   
  24:platform/driver/src/stm32f4xx_hash_md5.c **** @endverbatim
  25:platform/driver/src/stm32f4xx_hash_md5.c ****   *
  26:platform/driver/src/stm32f4xx_hash_md5.c ****   ******************************************************************************
  27:platform/driver/src/stm32f4xx_hash_md5.c ****   * @attention
  28:platform/driver/src/stm32f4xx_hash_md5.c ****   *
  29:platform/driver/src/stm32f4xx_hash_md5.c ****   * Copyright (c) 2016 STMicroelectronics.
ARM GAS  /tmp/ccleEFJR.s 			page 2


  30:platform/driver/src/stm32f4xx_hash_md5.c ****   * All rights reserved.
  31:platform/driver/src/stm32f4xx_hash_md5.c ****   *
  32:platform/driver/src/stm32f4xx_hash_md5.c ****   * This software is licensed under terms that can be found in the LICENSE file
  33:platform/driver/src/stm32f4xx_hash_md5.c ****   * in the root directory of this software component.
  34:platform/driver/src/stm32f4xx_hash_md5.c ****   * If no LICENSE file comes with this software, it is provided AS-IS.
  35:platform/driver/src/stm32f4xx_hash_md5.c ****   *
  36:platform/driver/src/stm32f4xx_hash_md5.c ****   ******************************************************************************
  37:platform/driver/src/stm32f4xx_hash_md5.c ****   */
  38:platform/driver/src/stm32f4xx_hash_md5.c **** 
  39:platform/driver/src/stm32f4xx_hash_md5.c **** /* Includes ------------------------------------------------------------------*/
  40:platform/driver/src/stm32f4xx_hash_md5.c **** #include "stm32f4xx_hash.h"
  41:platform/driver/src/stm32f4xx_hash_md5.c **** 
  42:platform/driver/src/stm32f4xx_hash_md5.c **** /** @addtogroup STM32F4xx_StdPeriph_Driver
  43:platform/driver/src/stm32f4xx_hash_md5.c ****   * @{
  44:platform/driver/src/stm32f4xx_hash_md5.c ****   */
  45:platform/driver/src/stm32f4xx_hash_md5.c **** 
  46:platform/driver/src/stm32f4xx_hash_md5.c **** /** @defgroup HASH 
  47:platform/driver/src/stm32f4xx_hash_md5.c ****   * @brief HASH driver modules
  48:platform/driver/src/stm32f4xx_hash_md5.c ****   * @{
  49:platform/driver/src/stm32f4xx_hash_md5.c ****   */
  50:platform/driver/src/stm32f4xx_hash_md5.c **** 
  51:platform/driver/src/stm32f4xx_hash_md5.c **** /* Private typedef -----------------------------------------------------------*/
  52:platform/driver/src/stm32f4xx_hash_md5.c **** /* Private define ------------------------------------------------------------*/
  53:platform/driver/src/stm32f4xx_hash_md5.c **** #define MD5BUSY_TIMEOUT    ((uint32_t) 0x00010000)
  54:platform/driver/src/stm32f4xx_hash_md5.c **** 
  55:platform/driver/src/stm32f4xx_hash_md5.c **** /* Private macro -------------------------------------------------------------*/
  56:platform/driver/src/stm32f4xx_hash_md5.c **** /* Private variables ---------------------------------------------------------*/
  57:platform/driver/src/stm32f4xx_hash_md5.c **** /* Private function prototypes -----------------------------------------------*/
  58:platform/driver/src/stm32f4xx_hash_md5.c **** /* Private functions ---------------------------------------------------------*/
  59:platform/driver/src/stm32f4xx_hash_md5.c **** 
  60:platform/driver/src/stm32f4xx_hash_md5.c **** /** @defgroup HASH_Private_Functions
  61:platform/driver/src/stm32f4xx_hash_md5.c ****   * @{
  62:platform/driver/src/stm32f4xx_hash_md5.c ****   */ 
  63:platform/driver/src/stm32f4xx_hash_md5.c **** 
  64:platform/driver/src/stm32f4xx_hash_md5.c **** /** @defgroup HASH_Group7 High Level MD5 functions
  65:platform/driver/src/stm32f4xx_hash_md5.c ****  *  @brief   High Level MD5 Hash and HMAC functions 
  66:platform/driver/src/stm32f4xx_hash_md5.c ****  *
  67:platform/driver/src/stm32f4xx_hash_md5.c **** @verbatim   
  68:platform/driver/src/stm32f4xx_hash_md5.c ****  ===============================================================================
  69:platform/driver/src/stm32f4xx_hash_md5.c ****               ##### High Level MD5 Hash and HMAC functions #####
  70:platform/driver/src/stm32f4xx_hash_md5.c ****  ===============================================================================
  71:platform/driver/src/stm32f4xx_hash_md5.c **** 
  72:platform/driver/src/stm32f4xx_hash_md5.c **** 
  73:platform/driver/src/stm32f4xx_hash_md5.c **** @endverbatim
  74:platform/driver/src/stm32f4xx_hash_md5.c ****   * @{
  75:platform/driver/src/stm32f4xx_hash_md5.c ****   */
  76:platform/driver/src/stm32f4xx_hash_md5.c **** 
  77:platform/driver/src/stm32f4xx_hash_md5.c **** /**
  78:platform/driver/src/stm32f4xx_hash_md5.c ****   * @brief  Compute the HASH MD5 digest.
  79:platform/driver/src/stm32f4xx_hash_md5.c ****   * @param  Input: pointer to the Input buffer to be treated.
  80:platform/driver/src/stm32f4xx_hash_md5.c ****   * @param  Ilen: length of the Input buffer.
  81:platform/driver/src/stm32f4xx_hash_md5.c ****   * @param  Output: the returned digest
  82:platform/driver/src/stm32f4xx_hash_md5.c ****   * @retval An ErrorStatus enumeration value:
  83:platform/driver/src/stm32f4xx_hash_md5.c ****   *          - SUCCESS: digest computation done
  84:platform/driver/src/stm32f4xx_hash_md5.c ****   *          - ERROR: digest computation failed
  85:platform/driver/src/stm32f4xx_hash_md5.c ****   */
  86:platform/driver/src/stm32f4xx_hash_md5.c **** ErrorStatus HASH_MD5(uint8_t *Input, uint32_t Ilen, uint8_t Output[16])
ARM GAS  /tmp/ccleEFJR.s 			page 3


  87:platform/driver/src/stm32f4xx_hash_md5.c **** {
  30              		.loc 1 87 1 view -0
  31              		.cfi_startproc
  32              		@ args = 0, pretend = 0, frame = 56
  33              		@ frame_needed = 0, uses_anonymous_args = 0
  34              		.loc 1 87 1 is_stmt 0 view .LVU1
  35 0000 F0B5     		push	{r4, r5, r6, r7, lr}
  36              	.LCFI0:
  37              		.cfi_def_cfa_offset 20
  38              		.cfi_offset 4, -20
  39              		.cfi_offset 5, -16
  40              		.cfi_offset 6, -12
  41              		.cfi_offset 7, -8
  42              		.cfi_offset 14, -4
  43 0002 8FB0     		sub	sp, sp, #60
  44              	.LCFI1:
  45              		.cfi_def_cfa_offset 80
  46 0004 0F46     		mov	r7, r1
  47 0006 1646     		mov	r6, r2
  88:platform/driver/src/stm32f4xx_hash_md5.c ****   HASH_InitTypeDef MD5_HASH_InitStructure;
  48              		.loc 1 88 3 is_stmt 1 view .LVU2
  89:platform/driver/src/stm32f4xx_hash_md5.c ****   HASH_MsgDigest MD5_MessageDigest;
  49              		.loc 1 89 3 view .LVU3
  90:platform/driver/src/stm32f4xx_hash_md5.c ****   __IO uint16_t nbvalidbitsdata = 0;
  50              		.loc 1 90 3 view .LVU4
  51              		.loc 1 90 17 is_stmt 0 view .LVU5
  52 0008 0024     		movs	r4, #0
  53 000a ADF80640 		strh	r4, [sp, #6]	@ movhi
  91:platform/driver/src/stm32f4xx_hash_md5.c ****   uint32_t i = 0;
  54              		.loc 1 91 3 is_stmt 1 view .LVU6
  55              	.LVL1:
  92:platform/driver/src/stm32f4xx_hash_md5.c ****   __IO uint32_t counter = 0;
  56              		.loc 1 92 3 view .LVU7
  57              		.loc 1 92 17 is_stmt 0 view .LVU8
  58 000e 0094     		str	r4, [sp]
  93:platform/driver/src/stm32f4xx_hash_md5.c ****   uint32_t busystatus = 0;
  59              		.loc 1 93 3 is_stmt 1 view .LVU9
  60              	.LVL2:
  94:platform/driver/src/stm32f4xx_hash_md5.c ****   ErrorStatus status = SUCCESS;
  61              		.loc 1 94 3 view .LVU10
  95:platform/driver/src/stm32f4xx_hash_md5.c ****   uint32_t inputaddr  = (uint32_t)Input;
  62              		.loc 1 95 3 view .LVU11
  63              		.loc 1 95 12 is_stmt 0 view .LVU12
  64 0010 0546     		mov	r5, r0
  65              	.LVL3:
  96:platform/driver/src/stm32f4xx_hash_md5.c ****   uint32_t outputaddr = (uint32_t)Output;
  66              		.loc 1 96 3 is_stmt 1 view .LVU13
  97:platform/driver/src/stm32f4xx_hash_md5.c **** 
  98:platform/driver/src/stm32f4xx_hash_md5.c **** 
  99:platform/driver/src/stm32f4xx_hash_md5.c ****   /* Number of valid bits in last word of the Input data */
 100:platform/driver/src/stm32f4xx_hash_md5.c ****   nbvalidbitsdata = 8 * (Ilen % 4);
  67              		.loc 1 100 3 view .LVU14
  68              		.loc 1 100 19 is_stmt 0 view .LVU15
  69 0012 01F00303 		and	r3, r1, #3
  70 0016 DB00     		lsls	r3, r3, #3
  71 0018 ADF80630 		strh	r3, [sp, #6]	@ movhi
 101:platform/driver/src/stm32f4xx_hash_md5.c **** 
ARM GAS  /tmp/ccleEFJR.s 			page 4


 102:platform/driver/src/stm32f4xx_hash_md5.c ****   /* HASH peripheral initialization */
 103:platform/driver/src/stm32f4xx_hash_md5.c ****   HASH_DeInit();
  72              		.loc 1 103 3 is_stmt 1 view .LVU16
  73 001c FFF7FEFF 		bl	HASH_DeInit
  74              	.LVL4:
 104:platform/driver/src/stm32f4xx_hash_md5.c **** 
 105:platform/driver/src/stm32f4xx_hash_md5.c ****   /* HASH Configuration */
 106:platform/driver/src/stm32f4xx_hash_md5.c ****   MD5_HASH_InitStructure.HASH_AlgoSelection = HASH_AlgoSelection_MD5;
  75              		.loc 1 106 3 view .LVU17
  76              		.loc 1 106 45 is_stmt 0 view .LVU18
  77 0020 8023     		movs	r3, #128
  78 0022 0A93     		str	r3, [sp, #40]
 107:platform/driver/src/stm32f4xx_hash_md5.c ****   MD5_HASH_InitStructure.HASH_AlgoMode = HASH_AlgoMode_HASH;
  79              		.loc 1 107 3 is_stmt 1 view .LVU19
  80              		.loc 1 107 40 is_stmt 0 view .LVU20
  81 0024 0B94     		str	r4, [sp, #44]
 108:platform/driver/src/stm32f4xx_hash_md5.c ****   MD5_HASH_InitStructure.HASH_DataType = HASH_DataType_8b;
  82              		.loc 1 108 3 is_stmt 1 view .LVU21
  83              		.loc 1 108 40 is_stmt 0 view .LVU22
  84 0026 2023     		movs	r3, #32
  85 0028 0C93     		str	r3, [sp, #48]
 109:platform/driver/src/stm32f4xx_hash_md5.c ****   HASH_Init(&MD5_HASH_InitStructure);
  86              		.loc 1 109 3 is_stmt 1 view .LVU23
  87 002a 0AA8     		add	r0, sp, #40
  88 002c FFF7FEFF 		bl	HASH_Init
  89              	.LVL5:
 110:platform/driver/src/stm32f4xx_hash_md5.c **** 
 111:platform/driver/src/stm32f4xx_hash_md5.c ****   /* Configure the number of valid bits in last word of the data */
 112:platform/driver/src/stm32f4xx_hash_md5.c ****   HASH_SetLastWordValidBitsNbr(nbvalidbitsdata);
  90              		.loc 1 112 3 view .LVU24
  91 0030 BDF80600 		ldrh	r0, [sp, #6]
  92 0034 80B2     		uxth	r0, r0
  93 0036 FFF7FEFF 		bl	HASH_SetLastWordValidBitsNbr
  94              	.LVL6:
 113:platform/driver/src/stm32f4xx_hash_md5.c **** 
 114:platform/driver/src/stm32f4xx_hash_md5.c ****   /* Write the Input block in the IN FIFO */
 115:platform/driver/src/stm32f4xx_hash_md5.c ****   for(i=0; i<Ilen; i+=4)
  95              		.loc 1 115 3 view .LVU25
  96              		.loc 1 115 3 is_stmt 0 view .LVU26
  97 003a 04E0     		b	.L2
  98              	.LVL7:
  99              	.L3:
 116:platform/driver/src/stm32f4xx_hash_md5.c ****   {
 117:platform/driver/src/stm32f4xx_hash_md5.c ****     HASH_DataIn(*(uint32_t*)inputaddr);
 100              		.loc 1 117 5 is_stmt 1 discriminator 3 view .LVU27
 101 003c 55F8040B 		ldr	r0, [r5], #4
 102              	.LVL8:
 103              		.loc 1 117 5 is_stmt 0 discriminator 3 view .LVU28
 104 0040 FFF7FEFF 		bl	HASH_DataIn
 105              	.LVL9:
 118:platform/driver/src/stm32f4xx_hash_md5.c ****     inputaddr+=4;
 106              		.loc 1 118 5 is_stmt 1 discriminator 3 view .LVU29
 115:platform/driver/src/stm32f4xx_hash_md5.c ****   {
 107              		.loc 1 115 20 discriminator 3 view .LVU30
 115:platform/driver/src/stm32f4xx_hash_md5.c ****   {
 108              		.loc 1 115 21 is_stmt 0 discriminator 3 view .LVU31
 109 0044 0434     		adds	r4, r4, #4
ARM GAS  /tmp/ccleEFJR.s 			page 5


 110              	.LVL10:
 111              	.L2:
 115:platform/driver/src/stm32f4xx_hash_md5.c ****   {
 112              		.loc 1 115 12 is_stmt 1 discriminator 1 view .LVU32
 115:platform/driver/src/stm32f4xx_hash_md5.c ****   {
 113              		.loc 1 115 3 is_stmt 0 discriminator 1 view .LVU33
 114 0046 BC42     		cmp	r4, r7
 115 0048 F8D3     		bcc	.L3
 119:platform/driver/src/stm32f4xx_hash_md5.c ****   }
 120:platform/driver/src/stm32f4xx_hash_md5.c **** 
 121:platform/driver/src/stm32f4xx_hash_md5.c ****   /* Start the HASH processor */
 122:platform/driver/src/stm32f4xx_hash_md5.c ****   HASH_StartDigest();
 116              		.loc 1 122 3 is_stmt 1 view .LVU34
 117 004a FFF7FEFF 		bl	HASH_StartDigest
 118              	.LVL11:
 119              	.L5:
 123:platform/driver/src/stm32f4xx_hash_md5.c **** 
 124:platform/driver/src/stm32f4xx_hash_md5.c ****   /* wait until the Busy flag is RESET */
 125:platform/driver/src/stm32f4xx_hash_md5.c ****   do
 120              		.loc 1 125 3 discriminator 2 view .LVU35
 126:platform/driver/src/stm32f4xx_hash_md5.c ****   {
 127:platform/driver/src/stm32f4xx_hash_md5.c ****     busystatus = HASH_GetFlagStatus(HASH_FLAG_BUSY);
 121              		.loc 1 127 5 discriminator 2 view .LVU36
 122              		.loc 1 127 18 is_stmt 0 discriminator 2 view .LVU37
 123 004e 0820     		movs	r0, #8
 124 0050 FFF7FEFF 		bl	HASH_GetFlagStatus
 125              	.LVL12:
 128:platform/driver/src/stm32f4xx_hash_md5.c ****     counter++;
 126              		.loc 1 128 5 is_stmt 1 discriminator 2 view .LVU38
 127              		.loc 1 128 12 is_stmt 0 discriminator 2 view .LVU39
 128 0054 009B     		ldr	r3, [sp]
 129 0056 0133     		adds	r3, r3, #1
 130 0058 0093     		str	r3, [sp]
 129:platform/driver/src/stm32f4xx_hash_md5.c ****   }while ((counter != MD5BUSY_TIMEOUT) && (busystatus != RESET));
 131              		.loc 1 129 10 is_stmt 1 discriminator 2 view .LVU40
 132              		.loc 1 129 20 is_stmt 0 discriminator 2 view .LVU41
 133 005a 009B     		ldr	r3, [sp]
 134              		.loc 1 129 3 discriminator 2 view .LVU42
 135 005c B3F5803F 		cmp	r3, #65536
 136 0060 01D0     		beq	.L4
 137              		.loc 1 129 40 discriminator 1 view .LVU43
 138 0062 0028     		cmp	r0, #0
 139 0064 F3D1     		bne	.L5
 140              	.L4:
 130:platform/driver/src/stm32f4xx_hash_md5.c **** 
 131:platform/driver/src/stm32f4xx_hash_md5.c ****   if (busystatus != RESET)
 141              		.loc 1 131 3 is_stmt 1 view .LVU44
 142              		.loc 1 131 6 is_stmt 0 view .LVU45
 143 0066 10B1     		cbz	r0, .L9
 132:platform/driver/src/stm32f4xx_hash_md5.c ****   {
 133:platform/driver/src/stm32f4xx_hash_md5.c ****      status = ERROR;
 144              		.loc 1 133 13 view .LVU46
 145 0068 0020     		movs	r0, #0
 146              	.LVL13:
 147              	.L6:
 134:platform/driver/src/stm32f4xx_hash_md5.c ****   }
 135:platform/driver/src/stm32f4xx_hash_md5.c ****   else
ARM GAS  /tmp/ccleEFJR.s 			page 6


 136:platform/driver/src/stm32f4xx_hash_md5.c ****   {
 137:platform/driver/src/stm32f4xx_hash_md5.c ****     /* Read the message digest */
 138:platform/driver/src/stm32f4xx_hash_md5.c ****     HASH_GetDigest(&MD5_MessageDigest);
 139:platform/driver/src/stm32f4xx_hash_md5.c ****     *(uint32_t*)(outputaddr)  = __REV(MD5_MessageDigest.Data[0]);
 140:platform/driver/src/stm32f4xx_hash_md5.c ****     outputaddr+=4;
 141:platform/driver/src/stm32f4xx_hash_md5.c ****     *(uint32_t*)(outputaddr)  = __REV(MD5_MessageDigest.Data[1]);
 142:platform/driver/src/stm32f4xx_hash_md5.c ****     outputaddr+=4;
 143:platform/driver/src/stm32f4xx_hash_md5.c ****     *(uint32_t*)(outputaddr)  = __REV(MD5_MessageDigest.Data[2]);
 144:platform/driver/src/stm32f4xx_hash_md5.c ****     outputaddr+=4;
 145:platform/driver/src/stm32f4xx_hash_md5.c ****     *(uint32_t*)(outputaddr)  = __REV(MD5_MessageDigest.Data[3]);
 146:platform/driver/src/stm32f4xx_hash_md5.c ****   }
 147:platform/driver/src/stm32f4xx_hash_md5.c ****   return status; 
 148              		.loc 1 147 3 is_stmt 1 view .LVU47
 148:platform/driver/src/stm32f4xx_hash_md5.c **** }
 149              		.loc 1 148 1 is_stmt 0 view .LVU48
 150 006a 0FB0     		add	sp, sp, #60
 151              	.LCFI2:
 152              		.cfi_remember_state
 153              		.cfi_def_cfa_offset 20
 154              		@ sp needed
 155 006c F0BD     		pop	{r4, r5, r6, r7, pc}
 156              	.LVL14:
 157              	.L9:
 158              	.LCFI3:
 159              		.cfi_restore_state
 138:platform/driver/src/stm32f4xx_hash_md5.c ****     *(uint32_t*)(outputaddr)  = __REV(MD5_MessageDigest.Data[0]);
 160              		.loc 1 138 5 is_stmt 1 view .LVU49
 161 006e 02A8     		add	r0, sp, #8
 162              	.LVL15:
 138:platform/driver/src/stm32f4xx_hash_md5.c ****     *(uint32_t*)(outputaddr)  = __REV(MD5_MessageDigest.Data[0]);
 163              		.loc 1 138 5 is_stmt 0 view .LVU50
 164 0070 FFF7FEFF 		bl	HASH_GetDigest
 165              	.LVL16:
 139:platform/driver/src/stm32f4xx_hash_md5.c ****     outputaddr+=4;
 166              		.loc 1 139 5 is_stmt 1 view .LVU51
 139:platform/driver/src/stm32f4xx_hash_md5.c ****     outputaddr+=4;
 167              		.loc 1 139 33 is_stmt 0 view .LVU52
 168 0074 029B     		ldr	r3, [sp, #8]
 169              	.LVL17:
 170              	.LBB18:
 171              	.LBI18:
 172              		.file 2 "platform/cmsis/core/core_cmInstr.h"
   1:platform/cmsis/core/core_cmInstr.h **** /**************************************************************************//**
   2:platform/cmsis/core/core_cmInstr.h ****  * @file     core_cmInstr.h
   3:platform/cmsis/core/core_cmInstr.h ****  * @brief    CMSIS Cortex-M Core Instruction Access Header File
   4:platform/cmsis/core/core_cmInstr.h ****  * @version  V4.10
   5:platform/cmsis/core/core_cmInstr.h ****  * @date     18. March 2015
   6:platform/cmsis/core/core_cmInstr.h ****  *
   7:platform/cmsis/core/core_cmInstr.h ****  * @note
   8:platform/cmsis/core/core_cmInstr.h ****  *
   9:platform/cmsis/core/core_cmInstr.h ****  ******************************************************************************/
  10:platform/cmsis/core/core_cmInstr.h **** /* Copyright (c) 2009 - 2014 ARM LIMITED
  11:platform/cmsis/core/core_cmInstr.h **** 
  12:platform/cmsis/core/core_cmInstr.h ****    All rights reserved.
  13:platform/cmsis/core/core_cmInstr.h ****    Redistribution and use in source and binary forms, with or without
  14:platform/cmsis/core/core_cmInstr.h ****    modification, are permitted provided that the following conditions are met:
  15:platform/cmsis/core/core_cmInstr.h ****    - Redistributions of source code must retain the above copyright
ARM GAS  /tmp/ccleEFJR.s 			page 7


  16:platform/cmsis/core/core_cmInstr.h ****      notice, this list of conditions and the following disclaimer.
  17:platform/cmsis/core/core_cmInstr.h ****    - Redistributions in binary form must reproduce the above copyright
  18:platform/cmsis/core/core_cmInstr.h ****      notice, this list of conditions and the following disclaimer in the
  19:platform/cmsis/core/core_cmInstr.h ****      documentation and/or other materials provided with the distribution.
  20:platform/cmsis/core/core_cmInstr.h ****    - Neither the name of ARM nor the names of its contributors may be used
  21:platform/cmsis/core/core_cmInstr.h ****      to endorse or promote products derived from this software without
  22:platform/cmsis/core/core_cmInstr.h ****      specific prior written permission.
  23:platform/cmsis/core/core_cmInstr.h ****    *
  24:platform/cmsis/core/core_cmInstr.h ****    THIS SOFTWARE IS PROVIDED BY THE COPYRIGHT HOLDERS AND CONTRIBUTORS "AS IS"
  25:platform/cmsis/core/core_cmInstr.h ****    AND ANY EXPRESS OR IMPLIED WARRANTIES, INCLUDING, BUT NOT LIMITED TO, THE
  26:platform/cmsis/core/core_cmInstr.h ****    IMPLIED WARRANTIES OF MERCHANTABILITY AND FITNESS FOR A PARTICULAR PURPOSE
  27:platform/cmsis/core/core_cmInstr.h ****    ARE DISCLAIMED. IN NO EVENT SHALL COPYRIGHT HOLDERS AND CONTRIBUTORS BE
  28:platform/cmsis/core/core_cmInstr.h ****    LIABLE FOR ANY DIRECT, INDIRECT, INCIDENTAL, SPECIAL, EXEMPLARY, OR
  29:platform/cmsis/core/core_cmInstr.h ****    CONSEQUENTIAL DAMAGES (INCLUDING, BUT NOT LIMITED TO, PROCUREMENT OF
  30:platform/cmsis/core/core_cmInstr.h ****    SUBSTITUTE GOODS OR SERVICES; LOSS OF USE, DATA, OR PROFITS; OR BUSINESS
  31:platform/cmsis/core/core_cmInstr.h ****    INTERRUPTION) HOWEVER CAUSED AND ON ANY THEORY OF LIABILITY, WHETHER IN
  32:platform/cmsis/core/core_cmInstr.h ****    CONTRACT, STRICT LIABILITY, OR TORT (INCLUDING NEGLIGENCE OR OTHERWISE)
  33:platform/cmsis/core/core_cmInstr.h ****    ARISING IN ANY WAY OUT OF THE USE OF THIS SOFTWARE, EVEN IF ADVISED OF THE
  34:platform/cmsis/core/core_cmInstr.h ****    POSSIBILITY OF SUCH DAMAGE.
  35:platform/cmsis/core/core_cmInstr.h ****    ---------------------------------------------------------------------------*/
  36:platform/cmsis/core/core_cmInstr.h **** 
  37:platform/cmsis/core/core_cmInstr.h **** 
  38:platform/cmsis/core/core_cmInstr.h **** #ifndef __CORE_CMINSTR_H
  39:platform/cmsis/core/core_cmInstr.h **** #define __CORE_CMINSTR_H
  40:platform/cmsis/core/core_cmInstr.h **** 
  41:platform/cmsis/core/core_cmInstr.h **** 
  42:platform/cmsis/core/core_cmInstr.h **** /* ##########################  Core Instruction Access  ######################### */
  43:platform/cmsis/core/core_cmInstr.h **** /** \defgroup CMSIS_Core_InstructionInterface CMSIS Core Instruction Interface
  44:platform/cmsis/core/core_cmInstr.h ****   Access to dedicated instructions
  45:platform/cmsis/core/core_cmInstr.h ****   @{
  46:platform/cmsis/core/core_cmInstr.h **** */
  47:platform/cmsis/core/core_cmInstr.h **** 
  48:platform/cmsis/core/core_cmInstr.h **** #if   defined ( __CC_ARM ) /*------------------RealView Compiler -----------------*/
  49:platform/cmsis/core/core_cmInstr.h **** /* ARM armcc specific functions */
  50:platform/cmsis/core/core_cmInstr.h **** 
  51:platform/cmsis/core/core_cmInstr.h **** #if (__ARMCC_VERSION < 400677)
  52:platform/cmsis/core/core_cmInstr.h ****   #error "Please use ARM Compiler Toolchain V4.0.677 or later!"
  53:platform/cmsis/core/core_cmInstr.h **** #endif
  54:platform/cmsis/core/core_cmInstr.h **** 
  55:platform/cmsis/core/core_cmInstr.h **** 
  56:platform/cmsis/core/core_cmInstr.h **** /** \brief  No Operation
  57:platform/cmsis/core/core_cmInstr.h **** 
  58:platform/cmsis/core/core_cmInstr.h ****     No Operation does nothing. This instruction can be used for code alignment purposes.
  59:platform/cmsis/core/core_cmInstr.h ****  */
  60:platform/cmsis/core/core_cmInstr.h **** #define __NOP                             __nop
  61:platform/cmsis/core/core_cmInstr.h **** 
  62:platform/cmsis/core/core_cmInstr.h **** 
  63:platform/cmsis/core/core_cmInstr.h **** /** \brief  Wait For Interrupt
  64:platform/cmsis/core/core_cmInstr.h **** 
  65:platform/cmsis/core/core_cmInstr.h ****     Wait For Interrupt is a hint instruction that suspends execution
  66:platform/cmsis/core/core_cmInstr.h ****     until one of a number of events occurs.
  67:platform/cmsis/core/core_cmInstr.h ****  */
  68:platform/cmsis/core/core_cmInstr.h **** #define __WFI                             __wfi
  69:platform/cmsis/core/core_cmInstr.h **** 
  70:platform/cmsis/core/core_cmInstr.h **** 
  71:platform/cmsis/core/core_cmInstr.h **** /** \brief  Wait For Event
  72:platform/cmsis/core/core_cmInstr.h **** 
ARM GAS  /tmp/ccleEFJR.s 			page 8


  73:platform/cmsis/core/core_cmInstr.h ****     Wait For Event is a hint instruction that permits the processor to enter
  74:platform/cmsis/core/core_cmInstr.h ****     a low-power state until one of a number of events occurs.
  75:platform/cmsis/core/core_cmInstr.h ****  */
  76:platform/cmsis/core/core_cmInstr.h **** #define __WFE                             __wfe
  77:platform/cmsis/core/core_cmInstr.h **** 
  78:platform/cmsis/core/core_cmInstr.h **** 
  79:platform/cmsis/core/core_cmInstr.h **** /** \brief  Send Event
  80:platform/cmsis/core/core_cmInstr.h **** 
  81:platform/cmsis/core/core_cmInstr.h ****     Send Event is a hint instruction. It causes an event to be signaled to the CPU.
  82:platform/cmsis/core/core_cmInstr.h ****  */
  83:platform/cmsis/core/core_cmInstr.h **** #define __SEV                             __sev
  84:platform/cmsis/core/core_cmInstr.h **** 
  85:platform/cmsis/core/core_cmInstr.h **** 
  86:platform/cmsis/core/core_cmInstr.h **** /** \brief  Instruction Synchronization Barrier
  87:platform/cmsis/core/core_cmInstr.h **** 
  88:platform/cmsis/core/core_cmInstr.h ****     Instruction Synchronization Barrier flushes the pipeline in the processor,
  89:platform/cmsis/core/core_cmInstr.h ****     so that all instructions following the ISB are fetched from cache or
  90:platform/cmsis/core/core_cmInstr.h ****     memory, after the instruction has been completed.
  91:platform/cmsis/core/core_cmInstr.h ****  */
  92:platform/cmsis/core/core_cmInstr.h **** #define __ISB() do {\
  93:platform/cmsis/core/core_cmInstr.h ****                    __schedule_barrier();\
  94:platform/cmsis/core/core_cmInstr.h ****                    __isb(0xF);\
  95:platform/cmsis/core/core_cmInstr.h ****                    __schedule_barrier();\
  96:platform/cmsis/core/core_cmInstr.h ****                 } while (0)
  97:platform/cmsis/core/core_cmInstr.h **** 
  98:platform/cmsis/core/core_cmInstr.h **** /** \brief  Data Synchronization Barrier
  99:platform/cmsis/core/core_cmInstr.h **** 
 100:platform/cmsis/core/core_cmInstr.h ****     This function acts as a special kind of Data Memory Barrier.
 101:platform/cmsis/core/core_cmInstr.h ****     It completes when all explicit memory accesses before this instruction complete.
 102:platform/cmsis/core/core_cmInstr.h ****  */
 103:platform/cmsis/core/core_cmInstr.h **** #define __DSB() do {\
 104:platform/cmsis/core/core_cmInstr.h ****                    __schedule_barrier();\
 105:platform/cmsis/core/core_cmInstr.h ****                    __dsb(0xF);\
 106:platform/cmsis/core/core_cmInstr.h ****                    __schedule_barrier();\
 107:platform/cmsis/core/core_cmInstr.h ****                 } while (0)
 108:platform/cmsis/core/core_cmInstr.h **** 
 109:platform/cmsis/core/core_cmInstr.h **** /** \brief  Data Memory Barrier
 110:platform/cmsis/core/core_cmInstr.h **** 
 111:platform/cmsis/core/core_cmInstr.h ****     This function ensures the apparent order of the explicit memory operations before
 112:platform/cmsis/core/core_cmInstr.h ****     and after the instruction, without ensuring their completion.
 113:platform/cmsis/core/core_cmInstr.h ****  */
 114:platform/cmsis/core/core_cmInstr.h **** #define __DMB() do {\
 115:platform/cmsis/core/core_cmInstr.h ****                    __schedule_barrier();\
 116:platform/cmsis/core/core_cmInstr.h ****                    __dmb(0xF);\
 117:platform/cmsis/core/core_cmInstr.h ****                    __schedule_barrier();\
 118:platform/cmsis/core/core_cmInstr.h ****                 } while (0)
 119:platform/cmsis/core/core_cmInstr.h **** 
 120:platform/cmsis/core/core_cmInstr.h **** /** \brief  Reverse byte order (32 bit)
 121:platform/cmsis/core/core_cmInstr.h **** 
 122:platform/cmsis/core/core_cmInstr.h ****     This function reverses the byte order in integer value.
 123:platform/cmsis/core/core_cmInstr.h **** 
 124:platform/cmsis/core/core_cmInstr.h ****     \param [in]    value  Value to reverse
 125:platform/cmsis/core/core_cmInstr.h ****     \return               Reversed value
 126:platform/cmsis/core/core_cmInstr.h ****  */
 127:platform/cmsis/core/core_cmInstr.h **** #define __REV                             __rev
 128:platform/cmsis/core/core_cmInstr.h **** 
 129:platform/cmsis/core/core_cmInstr.h **** 
ARM GAS  /tmp/ccleEFJR.s 			page 9


 130:platform/cmsis/core/core_cmInstr.h **** /** \brief  Reverse byte order (16 bit)
 131:platform/cmsis/core/core_cmInstr.h **** 
 132:platform/cmsis/core/core_cmInstr.h ****     This function reverses the byte order in two unsigned short values.
 133:platform/cmsis/core/core_cmInstr.h **** 
 134:platform/cmsis/core/core_cmInstr.h ****     \param [in]    value  Value to reverse
 135:platform/cmsis/core/core_cmInstr.h ****     \return               Reversed value
 136:platform/cmsis/core/core_cmInstr.h ****  */
 137:platform/cmsis/core/core_cmInstr.h **** #ifndef __NO_EMBEDDED_ASM
 138:platform/cmsis/core/core_cmInstr.h **** __attribute__((section(".rev16_text"))) __STATIC_INLINE __ASM uint32_t __REV16(uint32_t value)
 139:platform/cmsis/core/core_cmInstr.h **** {
 140:platform/cmsis/core/core_cmInstr.h ****   rev16 r0, r0
 141:platform/cmsis/core/core_cmInstr.h ****   bx lr
 142:platform/cmsis/core/core_cmInstr.h **** }
 143:platform/cmsis/core/core_cmInstr.h **** #endif
 144:platform/cmsis/core/core_cmInstr.h **** 
 145:platform/cmsis/core/core_cmInstr.h **** /** \brief  Reverse byte order in signed short value
 146:platform/cmsis/core/core_cmInstr.h **** 
 147:platform/cmsis/core/core_cmInstr.h ****     This function reverses the byte order in a signed short value with sign extension to integer.
 148:platform/cmsis/core/core_cmInstr.h **** 
 149:platform/cmsis/core/core_cmInstr.h ****     \param [in]    value  Value to reverse
 150:platform/cmsis/core/core_cmInstr.h ****     \return               Reversed value
 151:platform/cmsis/core/core_cmInstr.h ****  */
 152:platform/cmsis/core/core_cmInstr.h **** #ifndef __NO_EMBEDDED_ASM
 153:platform/cmsis/core/core_cmInstr.h **** __attribute__((section(".revsh_text"))) __STATIC_INLINE __ASM int32_t __REVSH(int32_t value)
 154:platform/cmsis/core/core_cmInstr.h **** {
 155:platform/cmsis/core/core_cmInstr.h ****   revsh r0, r0
 156:platform/cmsis/core/core_cmInstr.h ****   bx lr
 157:platform/cmsis/core/core_cmInstr.h **** }
 158:platform/cmsis/core/core_cmInstr.h **** #endif
 159:platform/cmsis/core/core_cmInstr.h **** 
 160:platform/cmsis/core/core_cmInstr.h **** 
 161:platform/cmsis/core/core_cmInstr.h **** /** \brief  Rotate Right in unsigned value (32 bit)
 162:platform/cmsis/core/core_cmInstr.h **** 
 163:platform/cmsis/core/core_cmInstr.h ****     This function Rotate Right (immediate) provides the value of the contents of a register rotated
 164:platform/cmsis/core/core_cmInstr.h **** 
 165:platform/cmsis/core/core_cmInstr.h ****     \param [in]    value  Value to rotate
 166:platform/cmsis/core/core_cmInstr.h ****     \param [in]    value  Number of Bits to rotate
 167:platform/cmsis/core/core_cmInstr.h ****     \return               Rotated value
 168:platform/cmsis/core/core_cmInstr.h ****  */
 169:platform/cmsis/core/core_cmInstr.h **** #define __ROR                             __ror
 170:platform/cmsis/core/core_cmInstr.h **** 
 171:platform/cmsis/core/core_cmInstr.h **** 
 172:platform/cmsis/core/core_cmInstr.h **** /** \brief  Breakpoint
 173:platform/cmsis/core/core_cmInstr.h **** 
 174:platform/cmsis/core/core_cmInstr.h ****     This function causes the processor to enter Debug state.
 175:platform/cmsis/core/core_cmInstr.h ****     Debug tools can use this to investigate system state when the instruction at a particular addre
 176:platform/cmsis/core/core_cmInstr.h **** 
 177:platform/cmsis/core/core_cmInstr.h ****     \param [in]    value  is ignored by the processor.
 178:platform/cmsis/core/core_cmInstr.h ****                    If required, a debugger can use it to store additional information about the bre
 179:platform/cmsis/core/core_cmInstr.h ****  */
 180:platform/cmsis/core/core_cmInstr.h **** #define __BKPT(value)                       __breakpoint(value)
 181:platform/cmsis/core/core_cmInstr.h **** 
 182:platform/cmsis/core/core_cmInstr.h **** 
 183:platform/cmsis/core/core_cmInstr.h **** /** \brief  Reverse bit order of value
 184:platform/cmsis/core/core_cmInstr.h **** 
 185:platform/cmsis/core/core_cmInstr.h ****     This function reverses the bit order of the given value.
 186:platform/cmsis/core/core_cmInstr.h **** 
ARM GAS  /tmp/ccleEFJR.s 			page 10


 187:platform/cmsis/core/core_cmInstr.h ****     \param [in]    value  Value to reverse
 188:platform/cmsis/core/core_cmInstr.h ****     \return               Reversed value
 189:platform/cmsis/core/core_cmInstr.h ****  */
 190:platform/cmsis/core/core_cmInstr.h **** #if       (__CORTEX_M >= 0x03) || (__CORTEX_SC >= 300)
 191:platform/cmsis/core/core_cmInstr.h ****   #define __RBIT                          __rbit
 192:platform/cmsis/core/core_cmInstr.h **** #else
 193:platform/cmsis/core/core_cmInstr.h **** __attribute__((always_inline)) __STATIC_INLINE uint32_t __RBIT(uint32_t value)
 194:platform/cmsis/core/core_cmInstr.h **** {
 195:platform/cmsis/core/core_cmInstr.h ****   uint32_t result;
 196:platform/cmsis/core/core_cmInstr.h ****   int32_t s = 4 /*sizeof(v)*/ * 8 - 1; // extra shift needed at end
 197:platform/cmsis/core/core_cmInstr.h **** 
 198:platform/cmsis/core/core_cmInstr.h ****   result = value;                      // r will be reversed bits of v; first get LSB of v
 199:platform/cmsis/core/core_cmInstr.h ****   for (value >>= 1; value; value >>= 1)
 200:platform/cmsis/core/core_cmInstr.h ****   {
 201:platform/cmsis/core/core_cmInstr.h ****     result <<= 1;
 202:platform/cmsis/core/core_cmInstr.h ****     result |= value & 1;
 203:platform/cmsis/core/core_cmInstr.h ****     s--;
 204:platform/cmsis/core/core_cmInstr.h ****   }
 205:platform/cmsis/core/core_cmInstr.h ****   result <<= s;                       // shift when v's highest bits are zero
 206:platform/cmsis/core/core_cmInstr.h ****   return(result);
 207:platform/cmsis/core/core_cmInstr.h **** }
 208:platform/cmsis/core/core_cmInstr.h **** #endif
 209:platform/cmsis/core/core_cmInstr.h **** 
 210:platform/cmsis/core/core_cmInstr.h **** 
 211:platform/cmsis/core/core_cmInstr.h **** /** \brief  Count leading zeros
 212:platform/cmsis/core/core_cmInstr.h **** 
 213:platform/cmsis/core/core_cmInstr.h ****     This function counts the number of leading zeros of a data value.
 214:platform/cmsis/core/core_cmInstr.h **** 
 215:platform/cmsis/core/core_cmInstr.h ****     \param [in]  value  Value to count the leading zeros
 216:platform/cmsis/core/core_cmInstr.h ****     \return             number of leading zeros in value
 217:platform/cmsis/core/core_cmInstr.h ****  */
 218:platform/cmsis/core/core_cmInstr.h **** #define __CLZ                             __clz
 219:platform/cmsis/core/core_cmInstr.h **** 
 220:platform/cmsis/core/core_cmInstr.h **** 
 221:platform/cmsis/core/core_cmInstr.h **** #if       (__CORTEX_M >= 0x03) || (__CORTEX_SC >= 300)
 222:platform/cmsis/core/core_cmInstr.h **** 
 223:platform/cmsis/core/core_cmInstr.h **** /** \brief  LDR Exclusive (8 bit)
 224:platform/cmsis/core/core_cmInstr.h **** 
 225:platform/cmsis/core/core_cmInstr.h ****     This function executes a exclusive LDR instruction for 8 bit value.
 226:platform/cmsis/core/core_cmInstr.h **** 
 227:platform/cmsis/core/core_cmInstr.h ****     \param [in]    ptr  Pointer to data
 228:platform/cmsis/core/core_cmInstr.h ****     \return             value of type uint8_t at (*ptr)
 229:platform/cmsis/core/core_cmInstr.h ****  */
 230:platform/cmsis/core/core_cmInstr.h **** #define __LDREXB(ptr)                     ((uint8_t ) __ldrex(ptr))
 231:platform/cmsis/core/core_cmInstr.h **** 
 232:platform/cmsis/core/core_cmInstr.h **** 
 233:platform/cmsis/core/core_cmInstr.h **** /** \brief  LDR Exclusive (16 bit)
 234:platform/cmsis/core/core_cmInstr.h **** 
 235:platform/cmsis/core/core_cmInstr.h ****     This function executes a exclusive LDR instruction for 16 bit values.
 236:platform/cmsis/core/core_cmInstr.h **** 
 237:platform/cmsis/core/core_cmInstr.h ****     \param [in]    ptr  Pointer to data
 238:platform/cmsis/core/core_cmInstr.h ****     \return        value of type uint16_t at (*ptr)
 239:platform/cmsis/core/core_cmInstr.h ****  */
 240:platform/cmsis/core/core_cmInstr.h **** #define __LDREXH(ptr)                     ((uint16_t) __ldrex(ptr))
 241:platform/cmsis/core/core_cmInstr.h **** 
 242:platform/cmsis/core/core_cmInstr.h **** 
 243:platform/cmsis/core/core_cmInstr.h **** /** \brief  LDR Exclusive (32 bit)
ARM GAS  /tmp/ccleEFJR.s 			page 11


 244:platform/cmsis/core/core_cmInstr.h **** 
 245:platform/cmsis/core/core_cmInstr.h ****     This function executes a exclusive LDR instruction for 32 bit values.
 246:platform/cmsis/core/core_cmInstr.h **** 
 247:platform/cmsis/core/core_cmInstr.h ****     \param [in]    ptr  Pointer to data
 248:platform/cmsis/core/core_cmInstr.h ****     \return        value of type uint32_t at (*ptr)
 249:platform/cmsis/core/core_cmInstr.h ****  */
 250:platform/cmsis/core/core_cmInstr.h **** #define __LDREXW(ptr)                     ((uint32_t ) __ldrex(ptr))
 251:platform/cmsis/core/core_cmInstr.h **** 
 252:platform/cmsis/core/core_cmInstr.h **** 
 253:platform/cmsis/core/core_cmInstr.h **** /** \brief  STR Exclusive (8 bit)
 254:platform/cmsis/core/core_cmInstr.h **** 
 255:platform/cmsis/core/core_cmInstr.h ****     This function executes a exclusive STR instruction for 8 bit values.
 256:platform/cmsis/core/core_cmInstr.h **** 
 257:platform/cmsis/core/core_cmInstr.h ****     \param [in]  value  Value to store
 258:platform/cmsis/core/core_cmInstr.h ****     \param [in]    ptr  Pointer to location
 259:platform/cmsis/core/core_cmInstr.h ****     \return          0  Function succeeded
 260:platform/cmsis/core/core_cmInstr.h ****     \return          1  Function failed
 261:platform/cmsis/core/core_cmInstr.h ****  */
 262:platform/cmsis/core/core_cmInstr.h **** #define __STREXB(value, ptr)              __strex(value, ptr)
 263:platform/cmsis/core/core_cmInstr.h **** 
 264:platform/cmsis/core/core_cmInstr.h **** 
 265:platform/cmsis/core/core_cmInstr.h **** /** \brief  STR Exclusive (16 bit)
 266:platform/cmsis/core/core_cmInstr.h **** 
 267:platform/cmsis/core/core_cmInstr.h ****     This function executes a exclusive STR instruction for 16 bit values.
 268:platform/cmsis/core/core_cmInstr.h **** 
 269:platform/cmsis/core/core_cmInstr.h ****     \param [in]  value  Value to store
 270:platform/cmsis/core/core_cmInstr.h ****     \param [in]    ptr  Pointer to location
 271:platform/cmsis/core/core_cmInstr.h ****     \return          0  Function succeeded
 272:platform/cmsis/core/core_cmInstr.h ****     \return          1  Function failed
 273:platform/cmsis/core/core_cmInstr.h ****  */
 274:platform/cmsis/core/core_cmInstr.h **** #define __STREXH(value, ptr)              __strex(value, ptr)
 275:platform/cmsis/core/core_cmInstr.h **** 
 276:platform/cmsis/core/core_cmInstr.h **** 
 277:platform/cmsis/core/core_cmInstr.h **** /** \brief  STR Exclusive (32 bit)
 278:platform/cmsis/core/core_cmInstr.h **** 
 279:platform/cmsis/core/core_cmInstr.h ****     This function executes a exclusive STR instruction for 32 bit values.
 280:platform/cmsis/core/core_cmInstr.h **** 
 281:platform/cmsis/core/core_cmInstr.h ****     \param [in]  value  Value to store
 282:platform/cmsis/core/core_cmInstr.h ****     \param [in]    ptr  Pointer to location
 283:platform/cmsis/core/core_cmInstr.h ****     \return          0  Function succeeded
 284:platform/cmsis/core/core_cmInstr.h ****     \return          1  Function failed
 285:platform/cmsis/core/core_cmInstr.h ****  */
 286:platform/cmsis/core/core_cmInstr.h **** #define __STREXW(value, ptr)              __strex(value, ptr)
 287:platform/cmsis/core/core_cmInstr.h **** 
 288:platform/cmsis/core/core_cmInstr.h **** 
 289:platform/cmsis/core/core_cmInstr.h **** /** \brief  Remove the exclusive lock
 290:platform/cmsis/core/core_cmInstr.h **** 
 291:platform/cmsis/core/core_cmInstr.h ****     This function removes the exclusive lock which is created by LDREX.
 292:platform/cmsis/core/core_cmInstr.h **** 
 293:platform/cmsis/core/core_cmInstr.h ****  */
 294:platform/cmsis/core/core_cmInstr.h **** #define __CLREX                           __clrex
 295:platform/cmsis/core/core_cmInstr.h **** 
 296:platform/cmsis/core/core_cmInstr.h **** 
 297:platform/cmsis/core/core_cmInstr.h **** /** \brief  Signed Saturate
 298:platform/cmsis/core/core_cmInstr.h **** 
 299:platform/cmsis/core/core_cmInstr.h ****     This function saturates a signed value.
 300:platform/cmsis/core/core_cmInstr.h **** 
ARM GAS  /tmp/ccleEFJR.s 			page 12


 301:platform/cmsis/core/core_cmInstr.h ****     \param [in]  value  Value to be saturated
 302:platform/cmsis/core/core_cmInstr.h ****     \param [in]    sat  Bit position to saturate to (1..32)
 303:platform/cmsis/core/core_cmInstr.h ****     \return             Saturated value
 304:platform/cmsis/core/core_cmInstr.h ****  */
 305:platform/cmsis/core/core_cmInstr.h **** #define __SSAT                            __ssat
 306:platform/cmsis/core/core_cmInstr.h **** 
 307:platform/cmsis/core/core_cmInstr.h **** 
 308:platform/cmsis/core/core_cmInstr.h **** /** \brief  Unsigned Saturate
 309:platform/cmsis/core/core_cmInstr.h **** 
 310:platform/cmsis/core/core_cmInstr.h ****     This function saturates an unsigned value.
 311:platform/cmsis/core/core_cmInstr.h **** 
 312:platform/cmsis/core/core_cmInstr.h ****     \param [in]  value  Value to be saturated
 313:platform/cmsis/core/core_cmInstr.h ****     \param [in]    sat  Bit position to saturate to (0..31)
 314:platform/cmsis/core/core_cmInstr.h ****     \return             Saturated value
 315:platform/cmsis/core/core_cmInstr.h ****  */
 316:platform/cmsis/core/core_cmInstr.h **** #define __USAT                            __usat
 317:platform/cmsis/core/core_cmInstr.h **** 
 318:platform/cmsis/core/core_cmInstr.h **** 
 319:platform/cmsis/core/core_cmInstr.h **** /** \brief  Rotate Right with Extend (32 bit)
 320:platform/cmsis/core/core_cmInstr.h **** 
 321:platform/cmsis/core/core_cmInstr.h ****     This function moves each bit of a bitstring right by one bit.
 322:platform/cmsis/core/core_cmInstr.h ****     The carry input is shifted in at the left end of the bitstring.
 323:platform/cmsis/core/core_cmInstr.h **** 
 324:platform/cmsis/core/core_cmInstr.h ****     \param [in]    value  Value to rotate
 325:platform/cmsis/core/core_cmInstr.h ****     \return               Rotated value
 326:platform/cmsis/core/core_cmInstr.h ****  */
 327:platform/cmsis/core/core_cmInstr.h **** #ifndef __NO_EMBEDDED_ASM
 328:platform/cmsis/core/core_cmInstr.h **** __attribute__((section(".rrx_text"))) __STATIC_INLINE __ASM uint32_t __RRX(uint32_t value)
 329:platform/cmsis/core/core_cmInstr.h **** {
 330:platform/cmsis/core/core_cmInstr.h ****   rrx r0, r0
 331:platform/cmsis/core/core_cmInstr.h ****   bx lr
 332:platform/cmsis/core/core_cmInstr.h **** }
 333:platform/cmsis/core/core_cmInstr.h **** #endif
 334:platform/cmsis/core/core_cmInstr.h **** 
 335:platform/cmsis/core/core_cmInstr.h **** 
 336:platform/cmsis/core/core_cmInstr.h **** /** \brief  LDRT Unprivileged (8 bit)
 337:platform/cmsis/core/core_cmInstr.h **** 
 338:platform/cmsis/core/core_cmInstr.h ****     This function executes a Unprivileged LDRT instruction for 8 bit value.
 339:platform/cmsis/core/core_cmInstr.h **** 
 340:platform/cmsis/core/core_cmInstr.h ****     \param [in]    ptr  Pointer to data
 341:platform/cmsis/core/core_cmInstr.h ****     \return             value of type uint8_t at (*ptr)
 342:platform/cmsis/core/core_cmInstr.h ****  */
 343:platform/cmsis/core/core_cmInstr.h **** #define __LDRBT(ptr)                      ((uint8_t )  __ldrt(ptr))
 344:platform/cmsis/core/core_cmInstr.h **** 
 345:platform/cmsis/core/core_cmInstr.h **** 
 346:platform/cmsis/core/core_cmInstr.h **** /** \brief  LDRT Unprivileged (16 bit)
 347:platform/cmsis/core/core_cmInstr.h **** 
 348:platform/cmsis/core/core_cmInstr.h ****     This function executes a Unprivileged LDRT instruction for 16 bit values.
 349:platform/cmsis/core/core_cmInstr.h **** 
 350:platform/cmsis/core/core_cmInstr.h ****     \param [in]    ptr  Pointer to data
 351:platform/cmsis/core/core_cmInstr.h ****     \return        value of type uint16_t at (*ptr)
 352:platform/cmsis/core/core_cmInstr.h ****  */
 353:platform/cmsis/core/core_cmInstr.h **** #define __LDRHT(ptr)                      ((uint16_t)  __ldrt(ptr))
 354:platform/cmsis/core/core_cmInstr.h **** 
 355:platform/cmsis/core/core_cmInstr.h **** 
 356:platform/cmsis/core/core_cmInstr.h **** /** \brief  LDRT Unprivileged (32 bit)
 357:platform/cmsis/core/core_cmInstr.h **** 
ARM GAS  /tmp/ccleEFJR.s 			page 13


 358:platform/cmsis/core/core_cmInstr.h ****     This function executes a Unprivileged LDRT instruction for 32 bit values.
 359:platform/cmsis/core/core_cmInstr.h **** 
 360:platform/cmsis/core/core_cmInstr.h ****     \param [in]    ptr  Pointer to data
 361:platform/cmsis/core/core_cmInstr.h ****     \return        value of type uint32_t at (*ptr)
 362:platform/cmsis/core/core_cmInstr.h ****  */
 363:platform/cmsis/core/core_cmInstr.h **** #define __LDRT(ptr)                       ((uint32_t ) __ldrt(ptr))
 364:platform/cmsis/core/core_cmInstr.h **** 
 365:platform/cmsis/core/core_cmInstr.h **** 
 366:platform/cmsis/core/core_cmInstr.h **** /** \brief  STRT Unprivileged (8 bit)
 367:platform/cmsis/core/core_cmInstr.h **** 
 368:platform/cmsis/core/core_cmInstr.h ****     This function executes a Unprivileged STRT instruction for 8 bit values.
 369:platform/cmsis/core/core_cmInstr.h **** 
 370:platform/cmsis/core/core_cmInstr.h ****     \param [in]  value  Value to store
 371:platform/cmsis/core/core_cmInstr.h ****     \param [in]    ptr  Pointer to location
 372:platform/cmsis/core/core_cmInstr.h ****  */
 373:platform/cmsis/core/core_cmInstr.h **** #define __STRBT(value, ptr)               __strt(value, ptr)
 374:platform/cmsis/core/core_cmInstr.h **** 
 375:platform/cmsis/core/core_cmInstr.h **** 
 376:platform/cmsis/core/core_cmInstr.h **** /** \brief  STRT Unprivileged (16 bit)
 377:platform/cmsis/core/core_cmInstr.h **** 
 378:platform/cmsis/core/core_cmInstr.h ****     This function executes a Unprivileged STRT instruction for 16 bit values.
 379:platform/cmsis/core/core_cmInstr.h **** 
 380:platform/cmsis/core/core_cmInstr.h ****     \param [in]  value  Value to store
 381:platform/cmsis/core/core_cmInstr.h ****     \param [in]    ptr  Pointer to location
 382:platform/cmsis/core/core_cmInstr.h ****  */
 383:platform/cmsis/core/core_cmInstr.h **** #define __STRHT(value, ptr)               __strt(value, ptr)
 384:platform/cmsis/core/core_cmInstr.h **** 
 385:platform/cmsis/core/core_cmInstr.h **** 
 386:platform/cmsis/core/core_cmInstr.h **** /** \brief  STRT Unprivileged (32 bit)
 387:platform/cmsis/core/core_cmInstr.h **** 
 388:platform/cmsis/core/core_cmInstr.h ****     This function executes a Unprivileged STRT instruction for 32 bit values.
 389:platform/cmsis/core/core_cmInstr.h **** 
 390:platform/cmsis/core/core_cmInstr.h ****     \param [in]  value  Value to store
 391:platform/cmsis/core/core_cmInstr.h ****     \param [in]    ptr  Pointer to location
 392:platform/cmsis/core/core_cmInstr.h ****  */
 393:platform/cmsis/core/core_cmInstr.h **** #define __STRT(value, ptr)                __strt(value, ptr)
 394:platform/cmsis/core/core_cmInstr.h **** 
 395:platform/cmsis/core/core_cmInstr.h **** #endif /* (__CORTEX_M >= 0x03) || (__CORTEX_SC >= 300) */
 396:platform/cmsis/core/core_cmInstr.h **** 
 397:platform/cmsis/core/core_cmInstr.h **** 
 398:platform/cmsis/core/core_cmInstr.h **** #elif defined ( __GNUC__ ) /*------------------ GNU Compiler ---------------------*/
 399:platform/cmsis/core/core_cmInstr.h **** /* GNU gcc specific functions */
 400:platform/cmsis/core/core_cmInstr.h **** 
 401:platform/cmsis/core/core_cmInstr.h **** /* Define macros for porting to both thumb1 and thumb2.
 402:platform/cmsis/core/core_cmInstr.h ****  * For thumb1, use low register (r0-r7), specified by constrant "l"
 403:platform/cmsis/core/core_cmInstr.h ****  * Otherwise, use general registers, specified by constrant "r" */
 404:platform/cmsis/core/core_cmInstr.h **** #if defined (__thumb__) && !defined (__thumb2__)
 405:platform/cmsis/core/core_cmInstr.h **** #define __CMSIS_GCC_OUT_REG(r) "=l" (r)
 406:platform/cmsis/core/core_cmInstr.h **** #define __CMSIS_GCC_USE_REG(r) "l" (r)
 407:platform/cmsis/core/core_cmInstr.h **** #else
 408:platform/cmsis/core/core_cmInstr.h **** #define __CMSIS_GCC_OUT_REG(r) "=r" (r)
 409:platform/cmsis/core/core_cmInstr.h **** #define __CMSIS_GCC_USE_REG(r) "r" (r)
 410:platform/cmsis/core/core_cmInstr.h **** #endif
 411:platform/cmsis/core/core_cmInstr.h **** 
 412:platform/cmsis/core/core_cmInstr.h **** /** \brief  No Operation
 413:platform/cmsis/core/core_cmInstr.h **** 
 414:platform/cmsis/core/core_cmInstr.h ****     No Operation does nothing. This instruction can be used for code alignment purposes.
ARM GAS  /tmp/ccleEFJR.s 			page 14


 415:platform/cmsis/core/core_cmInstr.h ****  */
 416:platform/cmsis/core/core_cmInstr.h **** __attribute__((always_inline)) __STATIC_INLINE void __NOP(void)
 417:platform/cmsis/core/core_cmInstr.h **** {
 418:platform/cmsis/core/core_cmInstr.h ****   __ASM volatile ("nop");
 419:platform/cmsis/core/core_cmInstr.h **** }
 420:platform/cmsis/core/core_cmInstr.h **** 
 421:platform/cmsis/core/core_cmInstr.h **** 
 422:platform/cmsis/core/core_cmInstr.h **** /** \brief  Wait For Interrupt
 423:platform/cmsis/core/core_cmInstr.h **** 
 424:platform/cmsis/core/core_cmInstr.h ****     Wait For Interrupt is a hint instruction that suspends execution
 425:platform/cmsis/core/core_cmInstr.h ****     until one of a number of events occurs.
 426:platform/cmsis/core/core_cmInstr.h ****  */
 427:platform/cmsis/core/core_cmInstr.h **** __attribute__((always_inline)) __STATIC_INLINE void __WFI(void)
 428:platform/cmsis/core/core_cmInstr.h **** {
 429:platform/cmsis/core/core_cmInstr.h ****   __ASM volatile ("wfi");
 430:platform/cmsis/core/core_cmInstr.h **** }
 431:platform/cmsis/core/core_cmInstr.h **** 
 432:platform/cmsis/core/core_cmInstr.h **** 
 433:platform/cmsis/core/core_cmInstr.h **** /** \brief  Wait For Event
 434:platform/cmsis/core/core_cmInstr.h **** 
 435:platform/cmsis/core/core_cmInstr.h ****     Wait For Event is a hint instruction that permits the processor to enter
 436:platform/cmsis/core/core_cmInstr.h ****     a low-power state until one of a number of events occurs.
 437:platform/cmsis/core/core_cmInstr.h ****  */
 438:platform/cmsis/core/core_cmInstr.h **** __attribute__((always_inline)) __STATIC_INLINE void __WFE(void)
 439:platform/cmsis/core/core_cmInstr.h **** {
 440:platform/cmsis/core/core_cmInstr.h ****   __ASM volatile ("wfe");
 441:platform/cmsis/core/core_cmInstr.h **** }
 442:platform/cmsis/core/core_cmInstr.h **** 
 443:platform/cmsis/core/core_cmInstr.h **** 
 444:platform/cmsis/core/core_cmInstr.h **** /** \brief  Send Event
 445:platform/cmsis/core/core_cmInstr.h **** 
 446:platform/cmsis/core/core_cmInstr.h ****     Send Event is a hint instruction. It causes an event to be signaled to the CPU.
 447:platform/cmsis/core/core_cmInstr.h ****  */
 448:platform/cmsis/core/core_cmInstr.h **** __attribute__((always_inline)) __STATIC_INLINE void __SEV(void)
 449:platform/cmsis/core/core_cmInstr.h **** {
 450:platform/cmsis/core/core_cmInstr.h ****   __ASM volatile ("sev");
 451:platform/cmsis/core/core_cmInstr.h **** }
 452:platform/cmsis/core/core_cmInstr.h **** 
 453:platform/cmsis/core/core_cmInstr.h **** 
 454:platform/cmsis/core/core_cmInstr.h **** /** \brief  Instruction Synchronization Barrier
 455:platform/cmsis/core/core_cmInstr.h **** 
 456:platform/cmsis/core/core_cmInstr.h ****     Instruction Synchronization Barrier flushes the pipeline in the processor,
 457:platform/cmsis/core/core_cmInstr.h ****     so that all instructions following the ISB are fetched from cache or
 458:platform/cmsis/core/core_cmInstr.h ****     memory, after the instruction has been completed.
 459:platform/cmsis/core/core_cmInstr.h ****  */
 460:platform/cmsis/core/core_cmInstr.h **** __attribute__((always_inline)) __STATIC_INLINE void __ISB(void)
 461:platform/cmsis/core/core_cmInstr.h **** {
 462:platform/cmsis/core/core_cmInstr.h ****   __ASM volatile ("isb 0xF":::"memory");
 463:platform/cmsis/core/core_cmInstr.h **** }
 464:platform/cmsis/core/core_cmInstr.h **** 
 465:platform/cmsis/core/core_cmInstr.h **** 
 466:platform/cmsis/core/core_cmInstr.h **** /** \brief  Data Synchronization Barrier
 467:platform/cmsis/core/core_cmInstr.h **** 
 468:platform/cmsis/core/core_cmInstr.h ****     This function acts as a special kind of Data Memory Barrier.
 469:platform/cmsis/core/core_cmInstr.h ****     It completes when all explicit memory accesses before this instruction complete.
 470:platform/cmsis/core/core_cmInstr.h ****  */
 471:platform/cmsis/core/core_cmInstr.h **** __attribute__((always_inline)) __STATIC_INLINE void __DSB(void)
ARM GAS  /tmp/ccleEFJR.s 			page 15


 472:platform/cmsis/core/core_cmInstr.h **** {
 473:platform/cmsis/core/core_cmInstr.h ****   __ASM volatile ("dsb 0xF":::"memory");
 474:platform/cmsis/core/core_cmInstr.h **** }
 475:platform/cmsis/core/core_cmInstr.h **** 
 476:platform/cmsis/core/core_cmInstr.h **** 
 477:platform/cmsis/core/core_cmInstr.h **** /** \brief  Data Memory Barrier
 478:platform/cmsis/core/core_cmInstr.h **** 
 479:platform/cmsis/core/core_cmInstr.h ****     This function ensures the apparent order of the explicit memory operations before
 480:platform/cmsis/core/core_cmInstr.h ****     and after the instruction, without ensuring their completion.
 481:platform/cmsis/core/core_cmInstr.h ****  */
 482:platform/cmsis/core/core_cmInstr.h **** __attribute__((always_inline)) __STATIC_INLINE void __DMB(void)
 483:platform/cmsis/core/core_cmInstr.h **** {
 484:platform/cmsis/core/core_cmInstr.h ****   __ASM volatile ("dmb 0xF":::"memory");
 485:platform/cmsis/core/core_cmInstr.h **** }
 486:platform/cmsis/core/core_cmInstr.h **** 
 487:platform/cmsis/core/core_cmInstr.h **** 
 488:platform/cmsis/core/core_cmInstr.h **** /** \brief  Reverse byte order (32 bit)
 489:platform/cmsis/core/core_cmInstr.h **** 
 490:platform/cmsis/core/core_cmInstr.h ****     This function reverses the byte order in integer value.
 491:platform/cmsis/core/core_cmInstr.h **** 
 492:platform/cmsis/core/core_cmInstr.h ****     \param [in]    value  Value to reverse
 493:platform/cmsis/core/core_cmInstr.h ****     \return               Reversed value
 494:platform/cmsis/core/core_cmInstr.h ****  */
 495:platform/cmsis/core/core_cmInstr.h **** __attribute__((always_inline)) __STATIC_INLINE uint32_t __REV(uint32_t value)
 173              		.loc 2 495 57 is_stmt 1 view .LVU53
 174              	.LBB19:
 496:platform/cmsis/core/core_cmInstr.h **** {
 497:platform/cmsis/core/core_cmInstr.h **** #if (__GNUC__ > 4) || (__GNUC__ == 4 && __GNUC_MINOR__ >= 5)
 498:platform/cmsis/core/core_cmInstr.h ****   return __builtin_bswap32(value);
 175              		.loc 2 498 3 view .LVU54
 176              		.loc 2 498 10 is_stmt 0 view .LVU55
 177 0076 1BBA     		rev	r3, r3
 178              	.LVL18:
 179              		.loc 2 498 10 view .LVU56
 180              	.LBE19:
 181              	.LBE18:
 139:platform/driver/src/stm32f4xx_hash_md5.c ****     outputaddr+=4;
 182              		.loc 1 139 31 view .LVU57
 183 0078 3360     		str	r3, [r6]
 140:platform/driver/src/stm32f4xx_hash_md5.c ****     *(uint32_t*)(outputaddr)  = __REV(MD5_MessageDigest.Data[1]);
 184              		.loc 1 140 5 is_stmt 1 view .LVU58
 185              	.LVL19:
 141:platform/driver/src/stm32f4xx_hash_md5.c ****     outputaddr+=4;
 186              		.loc 1 141 5 view .LVU59
 141:platform/driver/src/stm32f4xx_hash_md5.c ****     outputaddr+=4;
 187              		.loc 1 141 33 is_stmt 0 view .LVU60
 188 007a 039B     		ldr	r3, [sp, #12]
 189              	.LVL20:
 190              	.LBB20:
 191              	.LBI20:
 495:platform/cmsis/core/core_cmInstr.h **** {
 192              		.loc 2 495 57 is_stmt 1 view .LVU61
 193              	.LBB21:
 194              		.loc 2 498 3 view .LVU62
 195              		.loc 2 498 10 is_stmt 0 view .LVU63
 196 007c 1BBA     		rev	r3, r3
 197              	.LVL21:
ARM GAS  /tmp/ccleEFJR.s 			page 16


 198              		.loc 2 498 10 view .LVU64
 199              	.LBE21:
 200              	.LBE20:
 141:platform/driver/src/stm32f4xx_hash_md5.c ****     outputaddr+=4;
 201              		.loc 1 141 31 view .LVU65
 202 007e 7360     		str	r3, [r6, #4]
 142:platform/driver/src/stm32f4xx_hash_md5.c ****     *(uint32_t*)(outputaddr)  = __REV(MD5_MessageDigest.Data[2]);
 203              		.loc 1 142 5 is_stmt 1 view .LVU66
 204              	.LVL22:
 143:platform/driver/src/stm32f4xx_hash_md5.c ****     outputaddr+=4;
 205              		.loc 1 143 5 view .LVU67
 143:platform/driver/src/stm32f4xx_hash_md5.c ****     outputaddr+=4;
 206              		.loc 1 143 33 is_stmt 0 view .LVU68
 207 0080 049B     		ldr	r3, [sp, #16]
 208              	.LVL23:
 209              	.LBB22:
 210              	.LBI22:
 495:platform/cmsis/core/core_cmInstr.h **** {
 211              		.loc 2 495 57 is_stmt 1 view .LVU69
 212              	.LBB23:
 213              		.loc 2 498 3 view .LVU70
 214              		.loc 2 498 10 is_stmt 0 view .LVU71
 215 0082 1BBA     		rev	r3, r3
 216              	.LVL24:
 217              		.loc 2 498 10 view .LVU72
 218              	.LBE23:
 219              	.LBE22:
 143:platform/driver/src/stm32f4xx_hash_md5.c ****     outputaddr+=4;
 220              		.loc 1 143 31 view .LVU73
 221 0084 B360     		str	r3, [r6, #8]
 144:platform/driver/src/stm32f4xx_hash_md5.c ****     *(uint32_t*)(outputaddr)  = __REV(MD5_MessageDigest.Data[3]);
 222              		.loc 1 144 5 is_stmt 1 view .LVU74
 223              	.LVL25:
 145:platform/driver/src/stm32f4xx_hash_md5.c ****   }
 224              		.loc 1 145 5 view .LVU75
 145:platform/driver/src/stm32f4xx_hash_md5.c ****   }
 225              		.loc 1 145 33 is_stmt 0 view .LVU76
 226 0086 059B     		ldr	r3, [sp, #20]
 227              	.LVL26:
 228              	.LBB24:
 229              	.LBI24:
 495:platform/cmsis/core/core_cmInstr.h **** {
 230              		.loc 2 495 57 is_stmt 1 view .LVU77
 231              	.LBB25:
 232              		.loc 2 498 3 view .LVU78
 233              		.loc 2 498 10 is_stmt 0 view .LVU79
 234 0088 1BBA     		rev	r3, r3
 235              	.LVL27:
 236              		.loc 2 498 10 view .LVU80
 237              	.LBE25:
 238              	.LBE24:
 145:platform/driver/src/stm32f4xx_hash_md5.c ****   }
 239              		.loc 1 145 31 view .LVU81
 240 008a F360     		str	r3, [r6, #12]
  94:platform/driver/src/stm32f4xx_hash_md5.c ****   uint32_t inputaddr  = (uint32_t)Input;
 241              		.loc 1 94 15 view .LVU82
 242 008c 0120     		movs	r0, #1
ARM GAS  /tmp/ccleEFJR.s 			page 17


 243 008e ECE7     		b	.L6
 244              		.cfi_endproc
 245              	.LFE123:
 247              		.section	.text.HMAC_MD5,"ax",%progbits
 248              		.align	1
 249              		.global	HMAC_MD5
 250              		.syntax unified
 251              		.thumb
 252              		.thumb_func
 254              	HMAC_MD5:
 255              	.LVL28:
 256              	.LFB124:
 149:platform/driver/src/stm32f4xx_hash_md5.c **** 
 150:platform/driver/src/stm32f4xx_hash_md5.c **** /**
 151:platform/driver/src/stm32f4xx_hash_md5.c ****   * @brief  Compute the HMAC MD5 digest.
 152:platform/driver/src/stm32f4xx_hash_md5.c ****   * @param  Key: pointer to the Key used for HMAC.
 153:platform/driver/src/stm32f4xx_hash_md5.c ****   * @param  Keylen: length of the Key used for HMAC.
 154:platform/driver/src/stm32f4xx_hash_md5.c ****   * @param  Input: pointer to the Input buffer to be treated.
 155:platform/driver/src/stm32f4xx_hash_md5.c ****   * @param  Ilen: length of the Input buffer.
 156:platform/driver/src/stm32f4xx_hash_md5.c ****   * @param  Output: the returned digest  
 157:platform/driver/src/stm32f4xx_hash_md5.c ****   * @retval An ErrorStatus enumeration value:
 158:platform/driver/src/stm32f4xx_hash_md5.c ****   *          - SUCCESS: digest computation done
 159:platform/driver/src/stm32f4xx_hash_md5.c ****   *          - ERROR: digest computation failed
 160:platform/driver/src/stm32f4xx_hash_md5.c ****   */
 161:platform/driver/src/stm32f4xx_hash_md5.c **** ErrorStatus HMAC_MD5(uint8_t *Key, uint32_t Keylen, uint8_t *Input, 
 162:platform/driver/src/stm32f4xx_hash_md5.c ****                      uint32_t Ilen, uint8_t Output[16])
 163:platform/driver/src/stm32f4xx_hash_md5.c **** {
 257              		.loc 1 163 1 is_stmt 1 view -0
 258              		.cfi_startproc
 259              		@ args = 4, pretend = 0, frame = 56
 260              		@ frame_needed = 0, uses_anonymous_args = 0
 261              		.loc 1 163 1 is_stmt 0 view .LVU84
 262 0000 2DE9F043 		push	{r4, r5, r6, r7, r8, r9, lr}
 263              	.LCFI4:
 264              		.cfi_def_cfa_offset 28
 265              		.cfi_offset 4, -28
 266              		.cfi_offset 5, -24
 267              		.cfi_offset 6, -20
 268              		.cfi_offset 7, -16
 269              		.cfi_offset 8, -12
 270              		.cfi_offset 9, -8
 271              		.cfi_offset 14, -4
 272 0004 8FB0     		sub	sp, sp, #60
 273              	.LCFI5:
 274              		.cfi_def_cfa_offset 88
 275 0006 8146     		mov	r9, r0
 276 0008 0D46     		mov	r5, r1
 277 000a 1F46     		mov	r7, r3
 164:platform/driver/src/stm32f4xx_hash_md5.c ****   HASH_InitTypeDef MD5_HASH_InitStructure;
 278              		.loc 1 164 3 is_stmt 1 view .LVU85
 165:platform/driver/src/stm32f4xx_hash_md5.c ****   HASH_MsgDigest MD5_MessageDigest;
 279              		.loc 1 165 3 view .LVU86
 166:platform/driver/src/stm32f4xx_hash_md5.c ****   __IO uint16_t nbvalidbitsdata = 0;
 280              		.loc 1 166 3 view .LVU87
 281              		.loc 1 166 17 is_stmt 0 view .LVU88
 282 000c 0023     		movs	r3, #0
 283              	.LVL29:
ARM GAS  /tmp/ccleEFJR.s 			page 18


 284              		.loc 1 166 17 view .LVU89
 285 000e ADF80630 		strh	r3, [sp, #6]	@ movhi
 167:platform/driver/src/stm32f4xx_hash_md5.c ****   __IO uint16_t nbvalidbitskey = 0;
 286              		.loc 1 167 3 is_stmt 1 view .LVU90
 287              		.loc 1 167 17 is_stmt 0 view .LVU91
 288 0012 ADF80430 		strh	r3, [sp, #4]	@ movhi
 168:platform/driver/src/stm32f4xx_hash_md5.c ****   uint32_t i = 0;
 289              		.loc 1 168 3 is_stmt 1 view .LVU92
 290              	.LVL30:
 169:platform/driver/src/stm32f4xx_hash_md5.c ****   __IO uint32_t counter = 0;
 291              		.loc 1 169 3 view .LVU93
 292              		.loc 1 169 17 is_stmt 0 view .LVU94
 293 0016 0093     		str	r3, [sp]
 170:platform/driver/src/stm32f4xx_hash_md5.c ****   uint32_t busystatus = 0;
 294              		.loc 1 170 3 is_stmt 1 view .LVU95
 295              	.LVL31:
 171:platform/driver/src/stm32f4xx_hash_md5.c ****   ErrorStatus status = SUCCESS;
 296              		.loc 1 171 3 view .LVU96
 172:platform/driver/src/stm32f4xx_hash_md5.c ****   uint32_t keyaddr    = (uint32_t)Key;
 297              		.loc 1 172 3 view .LVU97
 298              		.loc 1 172 12 is_stmt 0 view .LVU98
 299 0018 8046     		mov	r8, r0
 300              	.LVL32:
 173:platform/driver/src/stm32f4xx_hash_md5.c ****   uint32_t inputaddr  = (uint32_t)Input;
 301              		.loc 1 173 3 is_stmt 1 view .LVU99
 302              		.loc 1 173 12 is_stmt 0 view .LVU100
 303 001a 1646     		mov	r6, r2
 304              	.LVL33:
 174:platform/driver/src/stm32f4xx_hash_md5.c ****   uint32_t outputaddr = (uint32_t)Output;
 305              		.loc 1 174 3 is_stmt 1 view .LVU101
 175:platform/driver/src/stm32f4xx_hash_md5.c **** 
 176:platform/driver/src/stm32f4xx_hash_md5.c ****   /* Number of valid bits in last word of the Input data */
 177:platform/driver/src/stm32f4xx_hash_md5.c ****   nbvalidbitsdata = 8 * (Ilen % 4);
 306              		.loc 1 177 3 view .LVU102
 307              		.loc 1 177 19 is_stmt 0 view .LVU103
 308 001c 07F00303 		and	r3, r7, #3
 309 0020 DB00     		lsls	r3, r3, #3
 310 0022 ADF80630 		strh	r3, [sp, #6]	@ movhi
 178:platform/driver/src/stm32f4xx_hash_md5.c **** 
 179:platform/driver/src/stm32f4xx_hash_md5.c ****   /* Number of valid bits in last word of the Key */
 180:platform/driver/src/stm32f4xx_hash_md5.c ****   nbvalidbitskey = 8 * (Keylen % 4);
 311              		.loc 1 180 3 is_stmt 1 view .LVU104
 312              		.loc 1 180 18 is_stmt 0 view .LVU105
 313 0026 01F00303 		and	r3, r1, #3
 314 002a DB00     		lsls	r3, r3, #3
 315 002c ADF80430 		strh	r3, [sp, #4]	@ movhi
 181:platform/driver/src/stm32f4xx_hash_md5.c ****    
 182:platform/driver/src/stm32f4xx_hash_md5.c ****   /* HASH peripheral initialization */
 183:platform/driver/src/stm32f4xx_hash_md5.c ****   HASH_DeInit();
 316              		.loc 1 183 3 is_stmt 1 view .LVU106
 317 0030 FFF7FEFF 		bl	HASH_DeInit
 318              	.LVL34:
 184:platform/driver/src/stm32f4xx_hash_md5.c **** 
 185:platform/driver/src/stm32f4xx_hash_md5.c ****   /* HASH Configuration */
 186:platform/driver/src/stm32f4xx_hash_md5.c ****   MD5_HASH_InitStructure.HASH_AlgoSelection = HASH_AlgoSelection_MD5;
 319              		.loc 1 186 3 view .LVU107
 320              		.loc 1 186 45 is_stmt 0 view .LVU108
ARM GAS  /tmp/ccleEFJR.s 			page 19


 321 0034 8023     		movs	r3, #128
 322 0036 0A93     		str	r3, [sp, #40]
 187:platform/driver/src/stm32f4xx_hash_md5.c ****   MD5_HASH_InitStructure.HASH_AlgoMode = HASH_AlgoMode_HMAC;
 323              		.loc 1 187 3 is_stmt 1 view .LVU109
 324              		.loc 1 187 40 is_stmt 0 view .LVU110
 325 0038 4023     		movs	r3, #64
 326 003a 0B93     		str	r3, [sp, #44]
 188:platform/driver/src/stm32f4xx_hash_md5.c ****   MD5_HASH_InitStructure.HASH_DataType = HASH_DataType_8b;
 327              		.loc 1 188 3 is_stmt 1 view .LVU111
 328              		.loc 1 188 40 is_stmt 0 view .LVU112
 329 003c 2023     		movs	r3, #32
 330 003e 0C93     		str	r3, [sp, #48]
 189:platform/driver/src/stm32f4xx_hash_md5.c ****   if(Keylen > 64)
 331              		.loc 1 189 3 is_stmt 1 view .LVU113
 332              		.loc 1 189 5 is_stmt 0 view .LVU114
 333 0040 402D     		cmp	r5, #64
 334 0042 0CD9     		bls	.L11
 190:platform/driver/src/stm32f4xx_hash_md5.c ****   {
 191:platform/driver/src/stm32f4xx_hash_md5.c ****     /* HMAC long Key */
 192:platform/driver/src/stm32f4xx_hash_md5.c ****     MD5_HASH_InitStructure.HASH_HMACKeyType = HASH_HMACKeyType_LongKey;
 335              		.loc 1 192 5 is_stmt 1 view .LVU115
 336              		.loc 1 192 45 is_stmt 0 view .LVU116
 337 0044 4FF48033 		mov	r3, #65536
 338 0048 0D93     		str	r3, [sp, #52]
 339              	.L12:
 193:platform/driver/src/stm32f4xx_hash_md5.c ****   }
 194:platform/driver/src/stm32f4xx_hash_md5.c ****   else
 195:platform/driver/src/stm32f4xx_hash_md5.c ****   {
 196:platform/driver/src/stm32f4xx_hash_md5.c ****     /* HMAC short Key */
 197:platform/driver/src/stm32f4xx_hash_md5.c ****     MD5_HASH_InitStructure.HASH_HMACKeyType = HASH_HMACKeyType_ShortKey;
 198:platform/driver/src/stm32f4xx_hash_md5.c ****   }
 199:platform/driver/src/stm32f4xx_hash_md5.c ****   HASH_Init(&MD5_HASH_InitStructure);
 340              		.loc 1 199 3 is_stmt 1 view .LVU117
 341 004a 0AA8     		add	r0, sp, #40
 342 004c FFF7FEFF 		bl	HASH_Init
 343              	.LVL35:
 200:platform/driver/src/stm32f4xx_hash_md5.c **** 
 201:platform/driver/src/stm32f4xx_hash_md5.c ****   /* Configure the number of valid bits in last word of the Key */
 202:platform/driver/src/stm32f4xx_hash_md5.c ****   HASH_SetLastWordValidBitsNbr(nbvalidbitskey);
 344              		.loc 1 202 3 view .LVU118
 345 0050 BDF80400 		ldrh	r0, [sp, #4]
 346 0054 80B2     		uxth	r0, r0
 347 0056 FFF7FEFF 		bl	HASH_SetLastWordValidBitsNbr
 348              	.LVL36:
 203:platform/driver/src/stm32f4xx_hash_md5.c **** 
 204:platform/driver/src/stm32f4xx_hash_md5.c ****   /* Write the Key */
 205:platform/driver/src/stm32f4xx_hash_md5.c ****   for(i=0; i<Keylen; i+=4)
 349              		.loc 1 205 3 view .LVU119
 350              		.loc 1 205 8 is_stmt 0 view .LVU120
 351 005a 0024     		movs	r4, #0
 352              		.loc 1 205 3 view .LVU121
 353 005c 07E0     		b	.L13
 354              	.L11:
 197:platform/driver/src/stm32f4xx_hash_md5.c ****   }
 355              		.loc 1 197 5 is_stmt 1 view .LVU122
 197:platform/driver/src/stm32f4xx_hash_md5.c ****   }
 356              		.loc 1 197 45 is_stmt 0 view .LVU123
ARM GAS  /tmp/ccleEFJR.s 			page 20


 357 005e 0023     		movs	r3, #0
 358 0060 0D93     		str	r3, [sp, #52]
 359 0062 F2E7     		b	.L12
 360              	.LVL37:
 361              	.L14:
 206:platform/driver/src/stm32f4xx_hash_md5.c ****   {
 207:platform/driver/src/stm32f4xx_hash_md5.c ****     HASH_DataIn(*(uint32_t*)keyaddr);
 362              		.loc 1 207 5 is_stmt 1 discriminator 3 view .LVU124
 363 0064 59F8040B 		ldr	r0, [r9], #4
 364              	.LVL38:
 365              		.loc 1 207 5 is_stmt 0 discriminator 3 view .LVU125
 366 0068 FFF7FEFF 		bl	HASH_DataIn
 367              	.LVL39:
 208:platform/driver/src/stm32f4xx_hash_md5.c ****     keyaddr+=4;
 368              		.loc 1 208 5 is_stmt 1 discriminator 3 view .LVU126
 205:platform/driver/src/stm32f4xx_hash_md5.c ****   {
 369              		.loc 1 205 22 discriminator 3 view .LVU127
 205:platform/driver/src/stm32f4xx_hash_md5.c ****   {
 370              		.loc 1 205 23 is_stmt 0 discriminator 3 view .LVU128
 371 006c 0434     		adds	r4, r4, #4
 372              	.LVL40:
 373              	.L13:
 205:platform/driver/src/stm32f4xx_hash_md5.c ****   {
 374              		.loc 1 205 12 is_stmt 1 discriminator 1 view .LVU129
 205:platform/driver/src/stm32f4xx_hash_md5.c ****   {
 375              		.loc 1 205 3 is_stmt 0 discriminator 1 view .LVU130
 376 006e AC42     		cmp	r4, r5
 377 0070 F8D3     		bcc	.L14
 209:platform/driver/src/stm32f4xx_hash_md5.c ****   }
 210:platform/driver/src/stm32f4xx_hash_md5.c ****   
 211:platform/driver/src/stm32f4xx_hash_md5.c ****   /* Start the HASH processor */
 212:platform/driver/src/stm32f4xx_hash_md5.c ****   HASH_StartDigest();
 378              		.loc 1 212 3 is_stmt 1 view .LVU131
 379 0072 FFF7FEFF 		bl	HASH_StartDigest
 380              	.LVL41:
 381              	.L16:
 213:platform/driver/src/stm32f4xx_hash_md5.c **** 
 214:platform/driver/src/stm32f4xx_hash_md5.c ****   /* wait until the Busy flag is RESET */
 215:platform/driver/src/stm32f4xx_hash_md5.c ****   do
 382              		.loc 1 215 3 discriminator 2 view .LVU132
 216:platform/driver/src/stm32f4xx_hash_md5.c ****   {
 217:platform/driver/src/stm32f4xx_hash_md5.c ****     busystatus = HASH_GetFlagStatus(HASH_FLAG_BUSY);
 383              		.loc 1 217 5 discriminator 2 view .LVU133
 384              		.loc 1 217 18 is_stmt 0 discriminator 2 view .LVU134
 385 0076 0820     		movs	r0, #8
 386 0078 FFF7FEFF 		bl	HASH_GetFlagStatus
 387              	.LVL42:
 388              		.loc 1 217 16 discriminator 2 view .LVU135
 389 007c 8146     		mov	r9, r0
 390              	.LVL43:
 218:platform/driver/src/stm32f4xx_hash_md5.c ****     counter++;
 391              		.loc 1 218 5 is_stmt 1 discriminator 2 view .LVU136
 392              		.loc 1 218 12 is_stmt 0 discriminator 2 view .LVU137
 393 007e 009C     		ldr	r4, [sp]
 394 0080 0134     		adds	r4, r4, #1
 395 0082 0094     		str	r4, [sp]
 219:platform/driver/src/stm32f4xx_hash_md5.c ****   }while ((counter != MD5BUSY_TIMEOUT) && (busystatus != RESET));
ARM GAS  /tmp/ccleEFJR.s 			page 21


 396              		.loc 1 219 10 is_stmt 1 discriminator 2 view .LVU138
 397              		.loc 1 219 20 is_stmt 0 discriminator 2 view .LVU139
 398 0084 009B     		ldr	r3, [sp]
 399              		.loc 1 219 3 discriminator 2 view .LVU140
 400 0086 B3F5803F 		cmp	r3, #65536
 401 008a 01D0     		beq	.L15
 402              		.loc 1 219 40 discriminator 1 view .LVU141
 403 008c 0028     		cmp	r0, #0
 404 008e F2D1     		bne	.L16
 405              	.L15:
 220:platform/driver/src/stm32f4xx_hash_md5.c **** 
 221:platform/driver/src/stm32f4xx_hash_md5.c ****   if (busystatus != RESET)
 406              		.loc 1 221 3 is_stmt 1 view .LVU142
 407              		.loc 1 221 6 is_stmt 0 view .LVU143
 408 0090 B9F1000F 		cmp	r9, #0
 409 0094 03D0     		beq	.L30
 222:platform/driver/src/stm32f4xx_hash_md5.c ****   {
 223:platform/driver/src/stm32f4xx_hash_md5.c ****      status = ERROR;
 410              		.loc 1 223 13 view .LVU144
 411 0096 0020     		movs	r0, #0
 412              	.LVL44:
 413              	.L17:
 224:platform/driver/src/stm32f4xx_hash_md5.c ****   }
 225:platform/driver/src/stm32f4xx_hash_md5.c ****   else
 226:platform/driver/src/stm32f4xx_hash_md5.c ****   {
 227:platform/driver/src/stm32f4xx_hash_md5.c ****     /* Configure the number of valid bits in last word of the Input data */
 228:platform/driver/src/stm32f4xx_hash_md5.c ****     HASH_SetLastWordValidBitsNbr(nbvalidbitsdata);
 229:platform/driver/src/stm32f4xx_hash_md5.c **** 
 230:platform/driver/src/stm32f4xx_hash_md5.c ****     /* Write the Input block in the IN FIFO */
 231:platform/driver/src/stm32f4xx_hash_md5.c ****     for(i=0; i<Ilen; i+=4)
 232:platform/driver/src/stm32f4xx_hash_md5.c ****     {
 233:platform/driver/src/stm32f4xx_hash_md5.c ****       HASH_DataIn(*(uint32_t*)inputaddr);
 234:platform/driver/src/stm32f4xx_hash_md5.c ****       inputaddr+=4;
 235:platform/driver/src/stm32f4xx_hash_md5.c ****     }
 236:platform/driver/src/stm32f4xx_hash_md5.c **** 
 237:platform/driver/src/stm32f4xx_hash_md5.c ****     /* Start the HASH processor */
 238:platform/driver/src/stm32f4xx_hash_md5.c ****     HASH_StartDigest();
 239:platform/driver/src/stm32f4xx_hash_md5.c **** 
 240:platform/driver/src/stm32f4xx_hash_md5.c ****     /* wait until the Busy flag is RESET */
 241:platform/driver/src/stm32f4xx_hash_md5.c ****     counter =0;
 242:platform/driver/src/stm32f4xx_hash_md5.c ****     do
 243:platform/driver/src/stm32f4xx_hash_md5.c ****     {
 244:platform/driver/src/stm32f4xx_hash_md5.c ****        busystatus = HASH_GetFlagStatus(HASH_FLAG_BUSY);
 245:platform/driver/src/stm32f4xx_hash_md5.c ****        counter++;
 246:platform/driver/src/stm32f4xx_hash_md5.c ****     }while ((counter != MD5BUSY_TIMEOUT) && (busystatus != RESET));
 247:platform/driver/src/stm32f4xx_hash_md5.c **** 
 248:platform/driver/src/stm32f4xx_hash_md5.c ****     if (busystatus != RESET)
 249:platform/driver/src/stm32f4xx_hash_md5.c ****     {
 250:platform/driver/src/stm32f4xx_hash_md5.c ****       status = ERROR;
 251:platform/driver/src/stm32f4xx_hash_md5.c ****     }
 252:platform/driver/src/stm32f4xx_hash_md5.c ****     else
 253:platform/driver/src/stm32f4xx_hash_md5.c ****     {  
 254:platform/driver/src/stm32f4xx_hash_md5.c ****       /* Configure the number of valid bits in last word of the Key */
 255:platform/driver/src/stm32f4xx_hash_md5.c ****       HASH_SetLastWordValidBitsNbr(nbvalidbitskey);
 256:platform/driver/src/stm32f4xx_hash_md5.c **** 
 257:platform/driver/src/stm32f4xx_hash_md5.c ****       /* Write the Key */
 258:platform/driver/src/stm32f4xx_hash_md5.c ****       keyaddr = (uint32_t)Key;
ARM GAS  /tmp/ccleEFJR.s 			page 22


 259:platform/driver/src/stm32f4xx_hash_md5.c ****       for(i=0; i<Keylen; i+=4)
 260:platform/driver/src/stm32f4xx_hash_md5.c ****       {
 261:platform/driver/src/stm32f4xx_hash_md5.c ****         HASH_DataIn(*(uint32_t*)keyaddr);
 262:platform/driver/src/stm32f4xx_hash_md5.c ****         keyaddr+=4;
 263:platform/driver/src/stm32f4xx_hash_md5.c ****       }
 264:platform/driver/src/stm32f4xx_hash_md5.c ****   
 265:platform/driver/src/stm32f4xx_hash_md5.c ****        /* Start the HASH processor */
 266:platform/driver/src/stm32f4xx_hash_md5.c ****        HASH_StartDigest();
 267:platform/driver/src/stm32f4xx_hash_md5.c **** 
 268:platform/driver/src/stm32f4xx_hash_md5.c ****        /* wait until the Busy flag is RESET */
 269:platform/driver/src/stm32f4xx_hash_md5.c ****        counter =0;
 270:platform/driver/src/stm32f4xx_hash_md5.c ****        do
 271:platform/driver/src/stm32f4xx_hash_md5.c ****        {
 272:platform/driver/src/stm32f4xx_hash_md5.c ****           busystatus = HASH_GetFlagStatus(HASH_FLAG_BUSY);
 273:platform/driver/src/stm32f4xx_hash_md5.c ****           counter++;
 274:platform/driver/src/stm32f4xx_hash_md5.c ****       }while ((counter != MD5BUSY_TIMEOUT) && (busystatus != RESET));
 275:platform/driver/src/stm32f4xx_hash_md5.c **** 
 276:platform/driver/src/stm32f4xx_hash_md5.c ****       if (busystatus != RESET)
 277:platform/driver/src/stm32f4xx_hash_md5.c ****       {
 278:platform/driver/src/stm32f4xx_hash_md5.c ****          status = ERROR;
 279:platform/driver/src/stm32f4xx_hash_md5.c ****       }
 280:platform/driver/src/stm32f4xx_hash_md5.c ****       else
 281:platform/driver/src/stm32f4xx_hash_md5.c ****       {
 282:platform/driver/src/stm32f4xx_hash_md5.c ****          /* Read the message digest */
 283:platform/driver/src/stm32f4xx_hash_md5.c ****          HASH_GetDigest(&MD5_MessageDigest);
 284:platform/driver/src/stm32f4xx_hash_md5.c ****          *(uint32_t*)(outputaddr)  = __REV(MD5_MessageDigest.Data[0]);
 285:platform/driver/src/stm32f4xx_hash_md5.c ****          outputaddr+=4;
 286:platform/driver/src/stm32f4xx_hash_md5.c ****          *(uint32_t*)(outputaddr)  = __REV(MD5_MessageDigest.Data[1]);
 287:platform/driver/src/stm32f4xx_hash_md5.c ****          outputaddr+=4;
 288:platform/driver/src/stm32f4xx_hash_md5.c ****          *(uint32_t*)(outputaddr)  = __REV(MD5_MessageDigest.Data[2]);
 289:platform/driver/src/stm32f4xx_hash_md5.c ****          outputaddr+=4;
 290:platform/driver/src/stm32f4xx_hash_md5.c ****          *(uint32_t*)(outputaddr)  = __REV(MD5_MessageDigest.Data[3]);
 291:platform/driver/src/stm32f4xx_hash_md5.c ****       }
 292:platform/driver/src/stm32f4xx_hash_md5.c ****     }
 293:platform/driver/src/stm32f4xx_hash_md5.c ****   }
 294:platform/driver/src/stm32f4xx_hash_md5.c ****   return status;  
 414              		.loc 1 294 3 is_stmt 1 view .LVU145
 295:platform/driver/src/stm32f4xx_hash_md5.c **** }
 415              		.loc 1 295 1 is_stmt 0 view .LVU146
 416 0098 0FB0     		add	sp, sp, #60
 417              	.LCFI6:
 418              		.cfi_remember_state
 419              		.cfi_def_cfa_offset 28
 420              		@ sp needed
 421 009a BDE8F083 		pop	{r4, r5, r6, r7, r8, r9, pc}
 422              	.LVL45:
 423              	.L30:
 424              	.LCFI7:
 425              		.cfi_restore_state
 228:platform/driver/src/stm32f4xx_hash_md5.c **** 
 426              		.loc 1 228 5 is_stmt 1 view .LVU147
 427 009e BDF80600 		ldrh	r0, [sp, #6]
 428              	.LVL46:
 228:platform/driver/src/stm32f4xx_hash_md5.c **** 
 429              		.loc 1 228 5 is_stmt 0 view .LVU148
 430 00a2 80B2     		uxth	r0, r0
 431 00a4 FFF7FEFF 		bl	HASH_SetLastWordValidBitsNbr
ARM GAS  /tmp/ccleEFJR.s 			page 23


 432              	.LVL47:
 231:platform/driver/src/stm32f4xx_hash_md5.c ****     {
 433              		.loc 1 231 5 is_stmt 1 view .LVU149
 231:platform/driver/src/stm32f4xx_hash_md5.c ****     {
 434              		.loc 1 231 5 is_stmt 0 view .LVU150
 435 00a8 05E0     		b	.L18
 436              	.LVL48:
 437              	.L19:
 233:platform/driver/src/stm32f4xx_hash_md5.c ****       inputaddr+=4;
 438              		.loc 1 233 7 is_stmt 1 discriminator 3 view .LVU151
 439 00aa 56F8040B 		ldr	r0, [r6], #4
 440              	.LVL49:
 233:platform/driver/src/stm32f4xx_hash_md5.c ****       inputaddr+=4;
 441              		.loc 1 233 7 is_stmt 0 discriminator 3 view .LVU152
 442 00ae FFF7FEFF 		bl	HASH_DataIn
 443              	.LVL50:
 234:platform/driver/src/stm32f4xx_hash_md5.c ****     }
 444              		.loc 1 234 7 is_stmt 1 discriminator 3 view .LVU153
 231:platform/driver/src/stm32f4xx_hash_md5.c ****     {
 445              		.loc 1 231 22 discriminator 3 view .LVU154
 231:platform/driver/src/stm32f4xx_hash_md5.c ****     {
 446              		.loc 1 231 23 is_stmt 0 discriminator 3 view .LVU155
 447 00b2 09F10409 		add	r9, r9, #4
 448              	.LVL51:
 449              	.L18:
 231:platform/driver/src/stm32f4xx_hash_md5.c ****     {
 450              		.loc 1 231 14 is_stmt 1 discriminator 1 view .LVU156
 231:platform/driver/src/stm32f4xx_hash_md5.c ****     {
 451              		.loc 1 231 5 is_stmt 0 discriminator 1 view .LVU157
 452 00b6 B945     		cmp	r9, r7
 453 00b8 F7D3     		bcc	.L19
 238:platform/driver/src/stm32f4xx_hash_md5.c **** 
 454              		.loc 1 238 5 is_stmt 1 view .LVU158
 455 00ba FFF7FEFF 		bl	HASH_StartDigest
 456              	.LVL52:
 241:platform/driver/src/stm32f4xx_hash_md5.c ****     do
 457              		.loc 1 241 5 view .LVU159
 241:platform/driver/src/stm32f4xx_hash_md5.c ****     do
 458              		.loc 1 241 13 is_stmt 0 view .LVU160
 459 00be 0023     		movs	r3, #0
 460 00c0 0093     		str	r3, [sp]
 461              	.L21:
 242:platform/driver/src/stm32f4xx_hash_md5.c ****     {
 462              		.loc 1 242 5 is_stmt 1 discriminator 2 view .LVU161
 244:platform/driver/src/stm32f4xx_hash_md5.c ****        counter++;
 463              		.loc 1 244 8 discriminator 2 view .LVU162
 244:platform/driver/src/stm32f4xx_hash_md5.c ****        counter++;
 464              		.loc 1 244 21 is_stmt 0 discriminator 2 view .LVU163
 465 00c2 0820     		movs	r0, #8
 466 00c4 FFF7FEFF 		bl	HASH_GetFlagStatus
 467              	.LVL53:
 244:platform/driver/src/stm32f4xx_hash_md5.c ****        counter++;
 468              		.loc 1 244 19 discriminator 2 view .LVU164
 469 00c8 0446     		mov	r4, r0
 470              	.LVL54:
 245:platform/driver/src/stm32f4xx_hash_md5.c ****     }while ((counter != MD5BUSY_TIMEOUT) && (busystatus != RESET));
 471              		.loc 1 245 8 is_stmt 1 discriminator 2 view .LVU165
ARM GAS  /tmp/ccleEFJR.s 			page 24


 245:platform/driver/src/stm32f4xx_hash_md5.c ****     }while ((counter != MD5BUSY_TIMEOUT) && (busystatus != RESET));
 472              		.loc 1 245 15 is_stmt 0 discriminator 2 view .LVU166
 473 00ca 009B     		ldr	r3, [sp]
 474 00cc 0133     		adds	r3, r3, #1
 475 00ce 0093     		str	r3, [sp]
 246:platform/driver/src/stm32f4xx_hash_md5.c **** 
 476              		.loc 1 246 12 is_stmt 1 discriminator 2 view .LVU167
 246:platform/driver/src/stm32f4xx_hash_md5.c **** 
 477              		.loc 1 246 22 is_stmt 0 discriminator 2 view .LVU168
 478 00d0 009B     		ldr	r3, [sp]
 246:platform/driver/src/stm32f4xx_hash_md5.c **** 
 479              		.loc 1 246 5 discriminator 2 view .LVU169
 480 00d2 B3F5803F 		cmp	r3, #65536
 481 00d6 01D0     		beq	.L20
 246:platform/driver/src/stm32f4xx_hash_md5.c **** 
 482              		.loc 1 246 42 discriminator 1 view .LVU170
 483 00d8 0028     		cmp	r0, #0
 484 00da F2D1     		bne	.L21
 485              	.L20:
 248:platform/driver/src/stm32f4xx_hash_md5.c ****     {
 486              		.loc 1 248 5 is_stmt 1 view .LVU171
 248:platform/driver/src/stm32f4xx_hash_md5.c ****     {
 487              		.loc 1 248 8 is_stmt 0 view .LVU172
 488 00dc 0CB1     		cbz	r4, .L31
 250:platform/driver/src/stm32f4xx_hash_md5.c ****     }
 489              		.loc 1 250 14 view .LVU173
 490 00de 0020     		movs	r0, #0
 491              	.LVL55:
 250:platform/driver/src/stm32f4xx_hash_md5.c ****     }
 492              		.loc 1 250 14 view .LVU174
 493 00e0 DAE7     		b	.L17
 494              	.LVL56:
 495              	.L31:
 255:platform/driver/src/stm32f4xx_hash_md5.c **** 
 496              		.loc 1 255 7 is_stmt 1 view .LVU175
 497 00e2 BDF80400 		ldrh	r0, [sp, #4]
 498              	.LVL57:
 255:platform/driver/src/stm32f4xx_hash_md5.c **** 
 499              		.loc 1 255 7 is_stmt 0 view .LVU176
 500 00e6 80B2     		uxth	r0, r0
 501 00e8 FFF7FEFF 		bl	HASH_SetLastWordValidBitsNbr
 502              	.LVL58:
 258:platform/driver/src/stm32f4xx_hash_md5.c ****       for(i=0; i<Keylen; i+=4)
 503              		.loc 1 258 7 is_stmt 1 view .LVU177
 259:platform/driver/src/stm32f4xx_hash_md5.c ****       {
 504              		.loc 1 259 7 view .LVU178
 259:platform/driver/src/stm32f4xx_hash_md5.c ****       {
 505              		.loc 1 259 7 is_stmt 0 view .LVU179
 506 00ec 04E0     		b	.L22
 507              	.LVL59:
 508              	.L23:
 261:platform/driver/src/stm32f4xx_hash_md5.c ****         keyaddr+=4;
 509              		.loc 1 261 9 is_stmt 1 discriminator 3 view .LVU180
 510 00ee 58F8040B 		ldr	r0, [r8], #4
 511              	.LVL60:
 261:platform/driver/src/stm32f4xx_hash_md5.c ****         keyaddr+=4;
 512              		.loc 1 261 9 is_stmt 0 discriminator 3 view .LVU181
ARM GAS  /tmp/ccleEFJR.s 			page 25


 513 00f2 FFF7FEFF 		bl	HASH_DataIn
 514              	.LVL61:
 262:platform/driver/src/stm32f4xx_hash_md5.c ****       }
 515              		.loc 1 262 9 is_stmt 1 discriminator 3 view .LVU182
 259:platform/driver/src/stm32f4xx_hash_md5.c ****       {
 516              		.loc 1 259 26 discriminator 3 view .LVU183
 259:platform/driver/src/stm32f4xx_hash_md5.c ****       {
 517              		.loc 1 259 27 is_stmt 0 discriminator 3 view .LVU184
 518 00f6 0434     		adds	r4, r4, #4
 519              	.LVL62:
 520              	.L22:
 259:platform/driver/src/stm32f4xx_hash_md5.c ****       {
 521              		.loc 1 259 16 is_stmt 1 discriminator 1 view .LVU185
 259:platform/driver/src/stm32f4xx_hash_md5.c ****       {
 522              		.loc 1 259 7 is_stmt 0 discriminator 1 view .LVU186
 523 00f8 AC42     		cmp	r4, r5
 524 00fa F8D3     		bcc	.L23
 266:platform/driver/src/stm32f4xx_hash_md5.c **** 
 525              		.loc 1 266 8 is_stmt 1 view .LVU187
 526 00fc FFF7FEFF 		bl	HASH_StartDigest
 527              	.LVL63:
 269:platform/driver/src/stm32f4xx_hash_md5.c ****        do
 528              		.loc 1 269 8 view .LVU188
 269:platform/driver/src/stm32f4xx_hash_md5.c ****        do
 529              		.loc 1 269 16 is_stmt 0 view .LVU189
 530 0100 0023     		movs	r3, #0
 531 0102 0093     		str	r3, [sp]
 532              	.L25:
 270:platform/driver/src/stm32f4xx_hash_md5.c ****        {
 533              		.loc 1 270 8 is_stmt 1 discriminator 2 view .LVU190
 272:platform/driver/src/stm32f4xx_hash_md5.c ****           counter++;
 534              		.loc 1 272 11 discriminator 2 view .LVU191
 272:platform/driver/src/stm32f4xx_hash_md5.c ****           counter++;
 535              		.loc 1 272 24 is_stmt 0 discriminator 2 view .LVU192
 536 0104 0820     		movs	r0, #8
 537 0106 FFF7FEFF 		bl	HASH_GetFlagStatus
 538              	.LVL64:
 273:platform/driver/src/stm32f4xx_hash_md5.c ****       }while ((counter != MD5BUSY_TIMEOUT) && (busystatus != RESET));
 539              		.loc 1 273 11 is_stmt 1 discriminator 2 view .LVU193
 273:platform/driver/src/stm32f4xx_hash_md5.c ****       }while ((counter != MD5BUSY_TIMEOUT) && (busystatus != RESET));
 540              		.loc 1 273 18 is_stmt 0 discriminator 2 view .LVU194
 541 010a 009B     		ldr	r3, [sp]
 542 010c 0133     		adds	r3, r3, #1
 543 010e 0093     		str	r3, [sp]
 274:platform/driver/src/stm32f4xx_hash_md5.c **** 
 544              		.loc 1 274 14 is_stmt 1 discriminator 2 view .LVU195
 274:platform/driver/src/stm32f4xx_hash_md5.c **** 
 545              		.loc 1 274 24 is_stmt 0 discriminator 2 view .LVU196
 546 0110 009B     		ldr	r3, [sp]
 274:platform/driver/src/stm32f4xx_hash_md5.c **** 
 547              		.loc 1 274 7 discriminator 2 view .LVU197
 548 0112 B3F5803F 		cmp	r3, #65536
 549 0116 01D0     		beq	.L24
 274:platform/driver/src/stm32f4xx_hash_md5.c **** 
 550              		.loc 1 274 44 discriminator 1 view .LVU198
 551 0118 0028     		cmp	r0, #0
 552 011a F3D1     		bne	.L25
ARM GAS  /tmp/ccleEFJR.s 			page 26


 553              	.L24:
 276:platform/driver/src/stm32f4xx_hash_md5.c ****       {
 554              		.loc 1 276 7 is_stmt 1 view .LVU199
 276:platform/driver/src/stm32f4xx_hash_md5.c ****       {
 555              		.loc 1 276 10 is_stmt 0 view .LVU200
 556 011c 08B1     		cbz	r0, .L32
 278:platform/driver/src/stm32f4xx_hash_md5.c ****       }
 557              		.loc 1 278 17 view .LVU201
 558 011e 0020     		movs	r0, #0
 559              	.LVL65:
 278:platform/driver/src/stm32f4xx_hash_md5.c ****       }
 560              		.loc 1 278 17 view .LVU202
 561 0120 BAE7     		b	.L17
 562              	.LVL66:
 563              	.L32:
 283:platform/driver/src/stm32f4xx_hash_md5.c ****          *(uint32_t*)(outputaddr)  = __REV(MD5_MessageDigest.Data[0]);
 564              		.loc 1 283 10 is_stmt 1 view .LVU203
 565 0122 02A8     		add	r0, sp, #8
 566              	.LVL67:
 283:platform/driver/src/stm32f4xx_hash_md5.c ****          *(uint32_t*)(outputaddr)  = __REV(MD5_MessageDigest.Data[0]);
 567              		.loc 1 283 10 is_stmt 0 view .LVU204
 568 0124 FFF7FEFF 		bl	HASH_GetDigest
 569              	.LVL68:
 284:platform/driver/src/stm32f4xx_hash_md5.c ****          outputaddr+=4;
 570              		.loc 1 284 10 is_stmt 1 view .LVU205
 284:platform/driver/src/stm32f4xx_hash_md5.c ****          outputaddr+=4;
 571              		.loc 1 284 38 is_stmt 0 view .LVU206
 572 0128 029B     		ldr	r3, [sp, #8]
 573              	.LVL69:
 574              	.LBB26:
 575              	.LBI26:
 495:platform/cmsis/core/core_cmInstr.h **** {
 576              		.loc 2 495 57 is_stmt 1 view .LVU207
 577              	.LBB27:
 578              		.loc 2 498 3 view .LVU208
 579              		.loc 2 498 10 is_stmt 0 view .LVU209
 580 012a 1BBA     		rev	r3, r3
 581              	.LVL70:
 582              		.loc 2 498 10 view .LVU210
 583              	.LBE27:
 584              	.LBE26:
 284:platform/driver/src/stm32f4xx_hash_md5.c ****          outputaddr+=4;
 585              		.loc 1 284 36 view .LVU211
 586 012c 169A     		ldr	r2, [sp, #88]
 587 012e 1360     		str	r3, [r2]
 285:platform/driver/src/stm32f4xx_hash_md5.c ****          *(uint32_t*)(outputaddr)  = __REV(MD5_MessageDigest.Data[1]);
 588              		.loc 1 285 10 is_stmt 1 view .LVU212
 589              	.LVL71:
 286:platform/driver/src/stm32f4xx_hash_md5.c ****          outputaddr+=4;
 590              		.loc 1 286 10 view .LVU213
 286:platform/driver/src/stm32f4xx_hash_md5.c ****          outputaddr+=4;
 591              		.loc 1 286 38 is_stmt 0 view .LVU214
 592 0130 039B     		ldr	r3, [sp, #12]
 593              	.LVL72:
 594              	.LBB28:
 595              	.LBI28:
 495:platform/cmsis/core/core_cmInstr.h **** {
ARM GAS  /tmp/ccleEFJR.s 			page 27


 596              		.loc 2 495 57 is_stmt 1 view .LVU215
 597              	.LBB29:
 598              		.loc 2 498 3 view .LVU216
 599              		.loc 2 498 10 is_stmt 0 view .LVU217
 600 0132 1BBA     		rev	r3, r3
 601              	.LVL73:
 602              		.loc 2 498 10 view .LVU218
 603              	.LBE29:
 604              	.LBE28:
 286:platform/driver/src/stm32f4xx_hash_md5.c ****          outputaddr+=4;
 605              		.loc 1 286 36 view .LVU219
 606 0134 5360     		str	r3, [r2, #4]
 287:platform/driver/src/stm32f4xx_hash_md5.c ****          *(uint32_t*)(outputaddr)  = __REV(MD5_MessageDigest.Data[2]);
 607              		.loc 1 287 10 is_stmt 1 view .LVU220
 608              	.LVL74:
 288:platform/driver/src/stm32f4xx_hash_md5.c ****          outputaddr+=4;
 609              		.loc 1 288 10 view .LVU221
 288:platform/driver/src/stm32f4xx_hash_md5.c ****          outputaddr+=4;
 610              		.loc 1 288 38 is_stmt 0 view .LVU222
 611 0136 049B     		ldr	r3, [sp, #16]
 612              	.LVL75:
 613              	.LBB30:
 614              	.LBI30:
 495:platform/cmsis/core/core_cmInstr.h **** {
 615              		.loc 2 495 57 is_stmt 1 view .LVU223
 616              	.LBB31:
 617              		.loc 2 498 3 view .LVU224
 618              		.loc 2 498 10 is_stmt 0 view .LVU225
 619 0138 1BBA     		rev	r3, r3
 620              	.LVL76:
 621              		.loc 2 498 10 view .LVU226
 622              	.LBE31:
 623              	.LBE30:
 288:platform/driver/src/stm32f4xx_hash_md5.c ****          outputaddr+=4;
 624              		.loc 1 288 36 view .LVU227
 625 013a 9360     		str	r3, [r2, #8]
 289:platform/driver/src/stm32f4xx_hash_md5.c ****          *(uint32_t*)(outputaddr)  = __REV(MD5_MessageDigest.Data[3]);
 626              		.loc 1 289 10 is_stmt 1 view .LVU228
 627              	.LVL77:
 290:platform/driver/src/stm32f4xx_hash_md5.c ****       }
 628              		.loc 1 290 10 view .LVU229
 290:platform/driver/src/stm32f4xx_hash_md5.c ****       }
 629              		.loc 1 290 38 is_stmt 0 view .LVU230
 630 013c 059B     		ldr	r3, [sp, #20]
 631              	.LVL78:
 632              	.LBB32:
 633              	.LBI32:
 495:platform/cmsis/core/core_cmInstr.h **** {
 634              		.loc 2 495 57 is_stmt 1 view .LVU231
 635              	.LBB33:
 636              		.loc 2 498 3 view .LVU232
 637              		.loc 2 498 10 is_stmt 0 view .LVU233
 638 013e 1BBA     		rev	r3, r3
 639              	.LVL79:
 640              		.loc 2 498 10 view .LVU234
 641              	.LBE33:
 642              	.LBE32:
ARM GAS  /tmp/ccleEFJR.s 			page 28


 290:platform/driver/src/stm32f4xx_hash_md5.c ****       }
 643              		.loc 1 290 36 view .LVU235
 644 0140 D360     		str	r3, [r2, #12]
 171:platform/driver/src/stm32f4xx_hash_md5.c ****   uint32_t keyaddr    = (uint32_t)Key;
 645              		.loc 1 171 15 view .LVU236
 646 0142 0120     		movs	r0, #1
 647 0144 A8E7     		b	.L17
 648              		.cfi_endproc
 649              	.LFE124:
 651              		.text
 652              	.Letext0:
 653              		.file 3 "/home/lee/stm32f407_boot/tools/toolchain/gcc-arm-none-eabi/gcc-arm-none-eabi-10.3-2021.10
 654              		.file 4 "/home/lee/stm32f407_boot/tools/toolchain/gcc-arm-none-eabi/gcc-arm-none-eabi-10.3-2021.10
 655              		.file 5 "platform/cmsis/device/stm32f4xx.h"
 656              		.file 6 "platform/driver/inc/stm32f4xx_hash.h"
ARM GAS  /tmp/ccleEFJR.s 			page 29


DEFINED SYMBOLS
                            *ABS*:0000000000000000 stm32f4xx_hash_md5.c
     /tmp/ccleEFJR.s:20     .text.HASH_MD5:0000000000000000 $t
     /tmp/ccleEFJR.s:26     .text.HASH_MD5:0000000000000000 HASH_MD5
     /tmp/ccleEFJR.s:248    .text.HMAC_MD5:0000000000000000 $t
     /tmp/ccleEFJR.s:254    .text.HMAC_MD5:0000000000000000 HMAC_MD5

UNDEFINED SYMBOLS
HASH_DeInit
HASH_Init
HASH_SetLastWordValidBitsNbr
HASH_DataIn
HASH_StartDigest
HASH_GetFlagStatus
HASH_GetDigest
