ARM GAS  /tmp/ccEWOEtu.s 			page 1


   1              		.cpu cortex-m4
   2              		.arch armv7e-m
   3              		.fpu fpv4-sp-d16
   4              		.eabi_attribute 27, 1
   5              		.eabi_attribute 28, 1
   6              		.eabi_attribute 20, 1
   7              		.eabi_attribute 21, 1
   8              		.eabi_attribute 23, 3
   9              		.eabi_attribute 24, 1
  10              		.eabi_attribute 25, 1
  11              		.eabi_attribute 26, 1
  12              		.eabi_attribute 30, 1
  13              		.eabi_attribute 34, 1
  14              		.eabi_attribute 18, 4
  15              		.file	"stm32f4xx_flash_ramfunc.c"
  16              		.text
  17              	.Ltext0:
  18              		.cfi_sections	.debug_frame
  19              		.section	.RamFunc,"ax",%progbits
  20              		.align	1
  21              		.global	FLASH_FlashInterfaceCmd
  22              		.syntax unified
  23              		.thumb
  24              		.thumb_func
  26              	FLASH_FlashInterfaceCmd:
  27              	.LVL0:
  28              	.LFB123:
  29              		.file 1 "platform/driver/src/stm32f4xx_flash_ramfunc.c"
   1:platform/driver/src/stm32f4xx_flash_ramfunc.c **** /**
   2:platform/driver/src/stm32f4xx_flash_ramfunc.c ****   ******************************************************************************
   3:platform/driver/src/stm32f4xx_flash_ramfunc.c ****   * @file    stm32f4xx_flash_ramfunc.c
   4:platform/driver/src/stm32f4xx_flash_ramfunc.c ****   * @author  MCD Application Team
   5:platform/driver/src/stm32f4xx_flash_ramfunc.c ****   * @version V1.8.1
   6:platform/driver/src/stm32f4xx_flash_ramfunc.c ****   * @date    27-January-2022
   7:platform/driver/src/stm32f4xx_flash_ramfunc.c ****   * @brief   FLASH RAMFUNC module driver.
   8:platform/driver/src/stm32f4xx_flash_ramfunc.c ****   *          This file provides a FLASH firmware functions which should be 
   9:platform/driver/src/stm32f4xx_flash_ramfunc.c ****   *          executed from internal SRAM
  10:platform/driver/src/stm32f4xx_flash_ramfunc.c ****   *            + Stop/Start the flash interface while System Run
  11:platform/driver/src/stm32f4xx_flash_ramfunc.c ****   *            + Enable/Disable the flash sleep while System Run
  12:platform/driver/src/stm32f4xx_flash_ramfunc.c ****   *  
  13:platform/driver/src/stm32f4xx_flash_ramfunc.c ****  @verbatim    
  14:platform/driver/src/stm32f4xx_flash_ramfunc.c ****  ==============================================================================
  15:platform/driver/src/stm32f4xx_flash_ramfunc.c ****                     ##### APIs executed from Internal RAM #####
  16:platform/driver/src/stm32f4xx_flash_ramfunc.c ****   ==============================================================================
  17:platform/driver/src/stm32f4xx_flash_ramfunc.c ****   [..]
  18:platform/driver/src/stm32f4xx_flash_ramfunc.c ****     *** ARM Compiler ***
  19:platform/driver/src/stm32f4xx_flash_ramfunc.c ****     --------------------
  20:platform/driver/src/stm32f4xx_flash_ramfunc.c ****     [..] RAM functions are defined using the toolchain options. 
  21:platform/driver/src/stm32f4xx_flash_ramfunc.c ****          Functions that are be executed in RAM should reside in a separate
  22:platform/driver/src/stm32f4xx_flash_ramfunc.c ****          source module. Using the 'Options for File' dialog you can simply change
  23:platform/driver/src/stm32f4xx_flash_ramfunc.c ****          the 'Code / Const' area of a module to a memory space in physical RAM.
  24:platform/driver/src/stm32f4xx_flash_ramfunc.c ****          Available memory areas are declared in the 'Target' tab of the 
  25:platform/driver/src/stm32f4xx_flash_ramfunc.c ****          Options for Target' dialog.
  26:platform/driver/src/stm32f4xx_flash_ramfunc.c **** 
  27:platform/driver/src/stm32f4xx_flash_ramfunc.c ****     *** ICCARM Compiler ***
  28:platform/driver/src/stm32f4xx_flash_ramfunc.c ****     -----------------------
  29:platform/driver/src/stm32f4xx_flash_ramfunc.c ****     [..] RAM functions are defined using a specific toolchain keyword "__ramfunc".
ARM GAS  /tmp/ccEWOEtu.s 			page 2


  30:platform/driver/src/stm32f4xx_flash_ramfunc.c **** 
  31:platform/driver/src/stm32f4xx_flash_ramfunc.c ****     *** GNU Compiler ***
  32:platform/driver/src/stm32f4xx_flash_ramfunc.c ****     --------------------
  33:platform/driver/src/stm32f4xx_flash_ramfunc.c ****     [..] RAM functions are defined using a specific toolchain attribute
  34:platform/driver/src/stm32f4xx_flash_ramfunc.c ****          "__attribute__((section(".RamFunc")))".
  35:platform/driver/src/stm32f4xx_flash_ramfunc.c ****   
  36:platform/driver/src/stm32f4xx_flash_ramfunc.c ****   @endverbatim
  37:platform/driver/src/stm32f4xx_flash_ramfunc.c ****   ******************************************************************************
  38:platform/driver/src/stm32f4xx_flash_ramfunc.c ****   * @attention
  39:platform/driver/src/stm32f4xx_flash_ramfunc.c ****   *
  40:platform/driver/src/stm32f4xx_flash_ramfunc.c ****   * Copyright (c) 2016 STMicroelectronics.
  41:platform/driver/src/stm32f4xx_flash_ramfunc.c ****   * All rights reserved.
  42:platform/driver/src/stm32f4xx_flash_ramfunc.c ****   *
  43:platform/driver/src/stm32f4xx_flash_ramfunc.c ****   * This software is licensed under terms that can be found in the LICENSE file
  44:platform/driver/src/stm32f4xx_flash_ramfunc.c ****   * in the root directory of this software component.
  45:platform/driver/src/stm32f4xx_flash_ramfunc.c ****   * If no LICENSE file comes with this software, it is provided AS-IS.
  46:platform/driver/src/stm32f4xx_flash_ramfunc.c ****   *
  47:platform/driver/src/stm32f4xx_flash_ramfunc.c ****   ******************************************************************************
  48:platform/driver/src/stm32f4xx_flash_ramfunc.c ****   */
  49:platform/driver/src/stm32f4xx_flash_ramfunc.c **** 
  50:platform/driver/src/stm32f4xx_flash_ramfunc.c **** /* Includes ------------------------------------------------------------------*/
  51:platform/driver/src/stm32f4xx_flash_ramfunc.c **** #include "stm32f4xx_flash_ramfunc.h"
  52:platform/driver/src/stm32f4xx_flash_ramfunc.c **** 
  53:platform/driver/src/stm32f4xx_flash_ramfunc.c **** /** @addtogroup STM32F4xx_StdPeriph_Driver
  54:platform/driver/src/stm32f4xx_flash_ramfunc.c ****   * @{
  55:platform/driver/src/stm32f4xx_flash_ramfunc.c ****   */
  56:platform/driver/src/stm32f4xx_flash_ramfunc.c **** 
  57:platform/driver/src/stm32f4xx_flash_ramfunc.c **** /** @defgroup FLASH RAMFUNC 
  58:platform/driver/src/stm32f4xx_flash_ramfunc.c ****   * @brief FLASH RAMFUNC driver modules
  59:platform/driver/src/stm32f4xx_flash_ramfunc.c ****   * @{
  60:platform/driver/src/stm32f4xx_flash_ramfunc.c ****   */ 
  61:platform/driver/src/stm32f4xx_flash_ramfunc.c **** 
  62:platform/driver/src/stm32f4xx_flash_ramfunc.c **** /* Private typedef -----------------------------------------------------------*/
  63:platform/driver/src/stm32f4xx_flash_ramfunc.c **** /* Private define ------------------------------------------------------------*/
  64:platform/driver/src/stm32f4xx_flash_ramfunc.c **** /* Private macro -------------------------------------------------------------*/
  65:platform/driver/src/stm32f4xx_flash_ramfunc.c **** /* Private variables ---------------------------------------------------------*/
  66:platform/driver/src/stm32f4xx_flash_ramfunc.c **** /* Private function prototypes -----------------------------------------------*/
  67:platform/driver/src/stm32f4xx_flash_ramfunc.c **** /* Private functions ---------------------------------------------------------*/
  68:platform/driver/src/stm32f4xx_flash_ramfunc.c **** 
  69:platform/driver/src/stm32f4xx_flash_ramfunc.c **** /** @defgroup FLASH_RAMFUNC_Private_Functions
  70:platform/driver/src/stm32f4xx_flash_ramfunc.c ****   * @{
  71:platform/driver/src/stm32f4xx_flash_ramfunc.c ****   */
  72:platform/driver/src/stm32f4xx_flash_ramfunc.c **** 
  73:platform/driver/src/stm32f4xx_flash_ramfunc.c **** /** @defgroup FLASH_RAMFUNC_Group1 Peripheral features functions executed from internal RAM 
  74:platform/driver/src/stm32f4xx_flash_ramfunc.c ****   *  @brief Peripheral Extended features functions 
  75:platform/driver/src/stm32f4xx_flash_ramfunc.c ****   *
  76:platform/driver/src/stm32f4xx_flash_ramfunc.c **** @verbatim   
  77:platform/driver/src/stm32f4xx_flash_ramfunc.c **** 
  78:platform/driver/src/stm32f4xx_flash_ramfunc.c ****  ===============================================================================
  79:platform/driver/src/stm32f4xx_flash_ramfunc.c ****                       ##### ramfunc functions #####
  80:platform/driver/src/stm32f4xx_flash_ramfunc.c ****  ===============================================================================
  81:platform/driver/src/stm32f4xx_flash_ramfunc.c ****     [..]
  82:platform/driver/src/stm32f4xx_flash_ramfunc.c ****     This subsection provides a set of functions that should be executed from RAM 
  83:platform/driver/src/stm32f4xx_flash_ramfunc.c ****     transfers.
  84:platform/driver/src/stm32f4xx_flash_ramfunc.c ****     
  85:platform/driver/src/stm32f4xx_flash_ramfunc.c **** @endverbatim
  86:platform/driver/src/stm32f4xx_flash_ramfunc.c ****   * @{
ARM GAS  /tmp/ccEWOEtu.s 			page 3


  87:platform/driver/src/stm32f4xx_flash_ramfunc.c ****   */
  88:platform/driver/src/stm32f4xx_flash_ramfunc.c **** 
  89:platform/driver/src/stm32f4xx_flash_ramfunc.c **** /**
  90:platform/driver/src/stm32f4xx_flash_ramfunc.c ****   * @brief Start/Stop the flash interface while System Run
  91:platform/driver/src/stm32f4xx_flash_ramfunc.c ****   * @note  This mode is only available for STM32F411xx devices. 
  92:platform/driver/src/stm32f4xx_flash_ramfunc.c ****   * @note  This mode could n't be set while executing with the flash itself. 
  93:platform/driver/src/stm32f4xx_flash_ramfunc.c ****   *        It should be done with specific routine executed from RAM.     
  94:platform/driver/src/stm32f4xx_flash_ramfunc.c ****   * @param  NewState: new state of the Smart Card mode.
  95:platform/driver/src/stm32f4xx_flash_ramfunc.c ****   *          This parameter can be: ENABLE or DISABLE.  
  96:platform/driver/src/stm32f4xx_flash_ramfunc.c ****   * @retval None
  97:platform/driver/src/stm32f4xx_flash_ramfunc.c ****   */
  98:platform/driver/src/stm32f4xx_flash_ramfunc.c **** __RAM_FUNC FLASH_FlashInterfaceCmd(FunctionalState NewState)
  99:platform/driver/src/stm32f4xx_flash_ramfunc.c **** {
  30              		.loc 1 99 1 view -0
  31              		.cfi_startproc
  32              		@ args = 0, pretend = 0, frame = 0
  33              		@ frame_needed = 0, uses_anonymous_args = 0
  34              		@ link register save eliminated.
 100:platform/driver/src/stm32f4xx_flash_ramfunc.c ****   if (NewState != DISABLE)
  35              		.loc 1 100 3 view .LVU1
  36              		.loc 1 100 6 is_stmt 0 view .LVU2
  37 0000 28B1     		cbz	r0, .L2
 101:platform/driver/src/stm32f4xx_flash_ramfunc.c ****   {
 102:platform/driver/src/stm32f4xx_flash_ramfunc.c ****     /* Start the flash interface while System Run */
 103:platform/driver/src/stm32f4xx_flash_ramfunc.c ****     CLEAR_BIT(PWR->CR, PWR_CR_FISSR);
  38              		.loc 1 103 5 is_stmt 1 view .LVU3
  39 0002 064A     		ldr	r2, .L4
  40 0004 1368     		ldr	r3, [r2]
  41 0006 23F40013 		bic	r3, r3, #2097152
  42 000a 1360     		str	r3, [r2]
  43 000c 7047     		bx	lr
  44              	.L2:
 104:platform/driver/src/stm32f4xx_flash_ramfunc.c ****   }
 105:platform/driver/src/stm32f4xx_flash_ramfunc.c ****   else
 106:platform/driver/src/stm32f4xx_flash_ramfunc.c ****   {
 107:platform/driver/src/stm32f4xx_flash_ramfunc.c ****     /* Stop the flash interface while System Run */  
 108:platform/driver/src/stm32f4xx_flash_ramfunc.c ****     SET_BIT(PWR->CR, PWR_CR_FISSR);
  45              		.loc 1 108 5 view .LVU4
  46 000e 034A     		ldr	r2, .L4
  47 0010 1368     		ldr	r3, [r2]
  48 0012 43F40013 		orr	r3, r3, #2097152
  49 0016 1360     		str	r3, [r2]
 109:platform/driver/src/stm32f4xx_flash_ramfunc.c ****   }
 110:platform/driver/src/stm32f4xx_flash_ramfunc.c **** }
  50              		.loc 1 110 1 is_stmt 0 view .LVU5
  51 0018 7047     		bx	lr
  52              	.L5:
  53 001a 00BF     		.align	2
  54              	.L4:
  55 001c 00700040 		.word	1073770496
  56              		.cfi_endproc
  57              	.LFE123:
  59              		.align	1
  60              		.global	FLASH_FlashSleepModeCmd
  61              		.syntax unified
  62              		.thumb
  63              		.thumb_func
ARM GAS  /tmp/ccEWOEtu.s 			page 4


  65              	FLASH_FlashSleepModeCmd:
  66              	.LVL1:
  67              	.LFB124:
 111:platform/driver/src/stm32f4xx_flash_ramfunc.c **** 
 112:platform/driver/src/stm32f4xx_flash_ramfunc.c **** /**
 113:platform/driver/src/stm32f4xx_flash_ramfunc.c ****   * @brief Enable/Disable the flash sleep while System Run
 114:platform/driver/src/stm32f4xx_flash_ramfunc.c ****   * @note  This mode is only available for STM32F411xx devices. 
 115:platform/driver/src/stm32f4xx_flash_ramfunc.c ****   * @note  This mode could n't be set while executing with the flash itself. 
 116:platform/driver/src/stm32f4xx_flash_ramfunc.c ****   *        It should be done with specific routine executed from RAM.     
 117:platform/driver/src/stm32f4xx_flash_ramfunc.c ****   * @param  NewState: new state of the Smart Card mode.
 118:platform/driver/src/stm32f4xx_flash_ramfunc.c ****   *          This parameter can be: ENABLE or DISABLE.  
 119:platform/driver/src/stm32f4xx_flash_ramfunc.c ****   * @retval None
 120:platform/driver/src/stm32f4xx_flash_ramfunc.c ****   */
 121:platform/driver/src/stm32f4xx_flash_ramfunc.c **** __RAM_FUNC FLASH_FlashSleepModeCmd(FunctionalState NewState)
 122:platform/driver/src/stm32f4xx_flash_ramfunc.c **** {
  68              		.loc 1 122 1 is_stmt 1 view -0
  69              		.cfi_startproc
  70              		@ args = 0, pretend = 0, frame = 0
  71              		@ frame_needed = 0, uses_anonymous_args = 0
  72              		@ link register save eliminated.
 123:platform/driver/src/stm32f4xx_flash_ramfunc.c ****   if (NewState != DISABLE)
  73              		.loc 1 123 3 view .LVU7
  74              		.loc 1 123 6 is_stmt 0 view .LVU8
  75 0020 28B1     		cbz	r0, .L7
 124:platform/driver/src/stm32f4xx_flash_ramfunc.c ****   {
 125:platform/driver/src/stm32f4xx_flash_ramfunc.c ****     /* Enable the flash sleep while System Run */
 126:platform/driver/src/stm32f4xx_flash_ramfunc.c ****     SET_BIT(PWR->CR, PWR_CR_FMSSR);
  76              		.loc 1 126 5 is_stmt 1 view .LVU9
  77 0022 064A     		ldr	r2, .L9
  78 0024 1368     		ldr	r3, [r2]
  79 0026 43F48013 		orr	r3, r3, #1048576
  80 002a 1360     		str	r3, [r2]
  81 002c 7047     		bx	lr
  82              	.L7:
 127:platform/driver/src/stm32f4xx_flash_ramfunc.c ****   }
 128:platform/driver/src/stm32f4xx_flash_ramfunc.c ****   else
 129:platform/driver/src/stm32f4xx_flash_ramfunc.c ****   {
 130:platform/driver/src/stm32f4xx_flash_ramfunc.c ****     /* Disable the flash sleep while System Run */
 131:platform/driver/src/stm32f4xx_flash_ramfunc.c ****     CLEAR_BIT(PWR->CR, PWR_CR_FMSSR);
  83              		.loc 1 131 5 view .LVU10
  84 002e 034A     		ldr	r2, .L9
  85 0030 1368     		ldr	r3, [r2]
  86 0032 23F48013 		bic	r3, r3, #1048576
  87 0036 1360     		str	r3, [r2]
 132:platform/driver/src/stm32f4xx_flash_ramfunc.c ****   }
 133:platform/driver/src/stm32f4xx_flash_ramfunc.c **** }
  88              		.loc 1 133 1 is_stmt 0 view .LVU11
  89 0038 7047     		bx	lr
  90              	.L10:
  91 003a 00BF     		.align	2
  92              	.L9:
  93 003c 00700040 		.word	1073770496
  94              		.cfi_endproc
  95              	.LFE124:
  97              		.text
  98              	.Letext0:
  99              		.file 2 "/home/lee/stm32f407_boot/tools/toolchain/gcc-arm-none-eabi/gcc-arm-none-eabi-10.3-2021.10
ARM GAS  /tmp/ccEWOEtu.s 			page 5


 100              		.file 3 "/home/lee/stm32f407_boot/tools/toolchain/gcc-arm-none-eabi/gcc-arm-none-eabi-10.3-2021.10
 101              		.file 4 "platform/cmsis/device/stm32f4xx.h"
ARM GAS  /tmp/ccEWOEtu.s 			page 6


DEFINED SYMBOLS
                            *ABS*:0000000000000000 stm32f4xx_flash_ramfunc.c
     /tmp/ccEWOEtu.s:20     .RamFunc:0000000000000000 $t
     /tmp/ccEWOEtu.s:26     .RamFunc:0000000000000000 FLASH_FlashInterfaceCmd
     /tmp/ccEWOEtu.s:55     .RamFunc:000000000000001c $d
     /tmp/ccEWOEtu.s:59     .RamFunc:0000000000000020 $t
     /tmp/ccEWOEtu.s:65     .RamFunc:0000000000000020 FLASH_FlashSleepModeCmd
     /tmp/ccEWOEtu.s:93     .RamFunc:000000000000003c $d

NO UNDEFINED SYMBOLS
